<?xml version="1.0" encoding="UTF-8"?>
<testsuite name="RecipesApplicationTest" tests="1" skipped="0" failures="0" errors="0" timestamp="2022-07-29T10:18:15" hostname="ydoksanbirMP" time="10.128">
  <properties/>
  <testcase name="start" classname="RecipesApplicationTest" time="10.128"/>
  <system-out><![CDATA[?[1;31m
Start test 1?[0m

  .   ____          _            __ _ _
 /\\ / ___'_ __ _ _(_)_ __  __ _ \ \ \ \
( ( )\___ | '_ | '_| | '_ \/ _` | \ \ \ \
 \\/  ___)| |_)| | | | | || (_| |  ) ) ) )
  '  |____| .__|_| |_|_| |_\__, | / / / /
 =========|_|==============|___/=/_/_/_/
 :: Spring Boot ::                (v2.5.6)

2022-07-29 13:18:15.737  INFO 21313 --- [    Test worker] recipes.RecipesApplication               : Starting RecipesApplication using Java 17.0.3 on ydoksanbirMP with PID 21313 (started by doksanbir in /Users/doksanbir/IdeaProjects/Recipes/Recipes/task)
2022-07-29 13:18:15.739  INFO 21313 --- [    Test worker] recipes.RecipesApplication               : No active profile set, falling back to default profiles: default
2022-07-29 13:18:16.158  INFO 21313 --- [    Test worker] .s.d.r.c.RepositoryConfigurationDelegate : Bootstrapping Spring Data JPA repositories in DEFAULT mode.
2022-07-29 13:18:16.181  INFO 21313 --- [    Test worker] .s.d.r.c.RepositoryConfigurationDelegate : Finished Spring Data repository scanning in 18 ms. Found 2 JPA repository interfaces.
2022-07-29 13:18:16.450  INFO 21313 --- [    Test worker] o.s.b.w.embedded.tomcat.TomcatWebServer  : Tomcat initialized with port(s): 8881 (http)
2022-07-29 13:18:16.457  INFO 21313 --- [    Test worker] o.apache.catalina.core.StandardService   : Starting service [Tomcat]
2022-07-29 13:18:16.457  INFO 21313 --- [    Test worker] org.apache.catalina.core.StandardEngine  : Starting Servlet engine: [Apache Tomcat/9.0.54]
2022-07-29 13:18:16.501  INFO 21313 --- [    Test worker] o.a.c.c.C.[Tomcat].[localhost].[/]       : Initializing Spring embedded WebApplicationContext
2022-07-29 13:18:16.501  INFO 21313 --- [    Test worker] w.s.c.ServletWebServerApplicationContext : Root WebApplicationContext: initialization completed in 741 ms
2022-07-29 13:18:16.562  INFO 21313 --- [    Test worker] com.zaxxer.hikari.HikariDataSource       : HikariPool-1 - Starting...
2022-07-29 13:18:16.655  INFO 21313 --- [    Test worker] com.zaxxer.hikari.HikariDataSource       : HikariPool-1 - Start completed.
2022-07-29 13:18:16.659  INFO 21313 --- [    Test worker] o.s.b.a.h2.H2ConsoleAutoConfiguration    : H2 console available at '/h2-console'. Database available at 'jdbc:h2:file:../recipes_db'
2022-07-29 13:18:16.732  INFO 21313 --- [    Test worker] o.hibernate.jpa.internal.util.LogHelper  : HHH000204: Processing PersistenceUnitInfo [name: default]
2022-07-29 13:18:16.760  INFO 21313 --- [    Test worker] org.hibernate.Version                    : HHH000412: Hibernate ORM core version 5.4.32.Final
2022-07-29 13:18:16.828  INFO 21313 --- [    Test worker] o.hibernate.annotations.common.Version   : HCANN000001: Hibernate Commons Annotations {5.1.2.Final}
2022-07-29 13:18:16.879  INFO 21313 --- [    Test worker] org.hibernate.dialect.Dialect            : HHH000400: Using dialect: org.hibernate.dialect.H2Dialect
Hibernate: create table recipe (id integer generated by default as identity, category varchar(255), date timestamp, description varchar(255), name varchar(255), user_id integer not null, primary key (id))
Hibernate: create table recipe_directions (recipe_id integer not null, directions varchar(255), directions_order integer not null, primary key (recipe_id, directions_order))
Hibernate: create table recipe_ingredients (recipe_id integer not null, ingredients varchar(255), ingredients_order integer not null, primary key (recipe_id, ingredients_order))
Hibernate: create table user (id integer generated by default as identity, email varchar(255), password varchar(255), primary key (id))
Hibernate: alter table recipe add constraint FKc8o8io8s0f7nqcd3429u6cxjs foreign key (user_id) references user
Hibernate: alter table recipe_directions add constraint FKkopnyxdjmwwlt5vlvw4rd28gy foreign key (recipe_id) references recipe
Hibernate: alter table recipe_ingredients add constraint FKhnsmvxdlwxqq6x2wbgnoef5gr foreign key (recipe_id) references recipe
2022-07-29 13:18:17.234  INFO 21313 --- [    Test worker] o.h.e.t.j.p.i.JtaPlatformInitiator       : HHH000490: Using JtaPlatform implementation: [org.hibernate.engine.transaction.jta.platform.internal.NoJtaPlatform]
2022-07-29 13:18:17.240  INFO 21313 --- [    Test worker] j.LocalContainerEntityManagerFactoryBean : Initialized JPA EntityManagerFactory for persistence unit 'default'
2022-07-29 13:18:17.268  WARN 21313 --- [    Test worker] JpaBaseConfiguration$JpaWebConfiguration : spring.jpa.open-in-view is enabled by default. Therefore, database queries may be performed during view rendering. Explicitly configure spring.jpa.open-in-view to disable this warning
2022-07-29 13:18:17.482  INFO 21313 --- [    Test worker] o.s.s.web.DefaultSecurityFilterChain     : Will secure any request with [org.springframework.security.web.context.request.async.WebAsyncManagerIntegrationFilter@260043d, org.springframework.security.web.context.SecurityContextPersistenceFilter@395c21ee, org.springframework.security.web.header.HeaderWriterFilter@40da1644, org.springframework.security.web.authentication.logout.LogoutFilter@445f6aa7, org.springframework.security.web.authentication.www.BasicAuthenticationFilter@9e4388d, org.springframework.security.web.savedrequest.RequestCacheAwareFilter@669e730d, org.springframework.security.web.servletapi.SecurityContextHolderAwareRequestFilter@c3836b6, org.springframework.security.web.authentication.AnonymousAuthenticationFilter@3338d29d, org.springframework.security.web.session.SessionManagementFilter@5c648e38, org.springframework.security.web.access.ExceptionTranslationFilter@178c4480, org.springframework.security.web.access.intercept.FilterSecurityInterceptor@3b8a8abc]
2022-07-29 13:18:17.695  INFO 21313 --- [    Test worker] o.s.b.a.e.web.EndpointLinksResolver      : Exposing 14 endpoint(s) beneath base path '/actuator'
2022-07-29 13:18:17.712  INFO 21313 --- [    Test worker] o.s.b.w.embedded.tomcat.TomcatWebServer  : Tomcat started on port(s): 8881 (http) with context path ''
2022-07-29 13:18:17.719  INFO 21313 --- [    Test worker] recipes.RecipesApplication               : Started RecipesApplication in 2.136 seconds (JVM running for 2.564)
2022-07-29 13:18:17.910  INFO 21313 --- [nio-8881-exec-1] o.a.c.c.C.[Tomcat].[localhost].[/]       : Initializing Spring DispatcherServlet 'dispatcherServlet'
2022-07-29 13:18:17.910  INFO 21313 --- [nio-8881-exec-1] o.s.web.servlet.DispatcherServlet        : Initializing Servlet 'dispatcherServlet'
2022-07-29 13:18:17.911  INFO 21313 --- [nio-8881-exec-1] o.s.web.servlet.DispatcherServlet        : Completed initialization in 0 ms
Hibernate: select user0_.id as id1_3_, user0_.email as email2_3_, user0_.password as password3_3_ from user user0_ where user0_.email=?
Hibernate: insert into user (id, email, password) values (null, ?, ?)
?[1;31m
Start test 2?[0m
Hibernate: select user0_.id as id1_3_, user0_.email as email2_3_, user0_.password as password3_3_ from user user0_ where user0_.email=?
?[1;31m
Start test 3?[0m
Hibernate: select user0_.id as id1_3_, user0_.email as email2_3_, user0_.password as password3_3_ from user user0_ where user0_.email=?
Hibernate: insert into user (id, email, password) values (null, ?, ?)
?[1;31m
Start test 4?[0m
Hibernate: select user0_.id as id1_3_, user0_.email as email2_3_, user0_.password as password3_3_ from user user0_ where user0_.email=?
Hibernate: insert into user (id, email, password) values (null, ?, ?)
?[1;31m
Start test 5?[0m
2022-07-29 13:18:18.341  WARN 21313 --- [nio-8881-exec-5] .w.s.m.s.DefaultHandlerExceptionResolver : Resolved [org.springframework.web.bind.MethodArgumentNotValidException: Validation failed for argument [0] in public org.springframework.http.ResponseEntity<?> recipes.controller.UserController.registerUser(recipes.model.User): [Field error in object 'user' on field 'email': rejected value [Test3@testcom]; codes [Pattern.user.email,Pattern.email,Pattern.java.lang.String,Pattern]; arguments [org.springframework.context.support.DefaultMessageSourceResolvable: codes [user.email,email]; arguments []; default message [email],[Ljavax.validation.constraints.Pattern$Flag;@3fe3413f,.*@.*\..+]; default message [must match ".*@.*\..+"]] ]
?[1;31m
Start test 6?[0m
2022-07-29 13:18:18.346  WARN 21313 --- [nio-8881-exec-6] .w.s.m.s.DefaultHandlerExceptionResolver : Resolved [org.springframework.web.bind.MethodArgumentNotValidException: Validation failed for argument [0] in public org.springframework.http.ResponseEntity<?> recipes.controller.UserController.registerUser(recipes.model.User) with 2 errors: [Field error in object 'user' on field 'email': rejected value [Test4test.com]; codes [Email.user.email,Email.email,Email.java.lang.String,Email]; arguments [org.springframework.context.support.DefaultMessageSourceResolvable: codes [user.email,email]; arguments []; default message [email],[Ljavax.validation.constraints.Pattern$Flag;@454544af,.*]; default message [must be a well-formed email address]] [Field error in object 'user' on field 'email': rejected value [Test4test.com]; codes [Pattern.user.email,Pattern.email,Pattern.java.lang.String,Pattern]; arguments [org.springframework.context.support.DefaultMessageSourceResolvable: codes [user.email,email]; arguments []; default message [email],[Ljavax.validation.constraints.Pattern$Flag;@3fe3413f,.*@.*\..+]; default message [must match ".*@.*\..+"]] ]
?[1;31m
Start test 7?[0m
2022-07-29 13:18:18.352  WARN 21313 --- [nio-8881-exec-7] .w.s.m.s.DefaultHandlerExceptionResolver : Resolved [org.springframework.web.bind.MethodArgumentNotValidException: Validation failed for argument [0] in public org.springframework.http.ResponseEntity<?> recipes.controller.UserController.registerUser(recipes.model.User): [Field error in object 'user' on field 'password': rejected value [Test555]; codes [Size.user.password,Size.password,Size.java.lang.String,Size]; arguments [org.springframework.context.support.DefaultMessageSourceResolvable: codes [user.password,password]; arguments []; default message [password],2147483647,8]; default message [size must be between 8 and 2147483647]] ]
?[1;31m
Start test 8?[0m
2022-07-29 13:18:18.357  WARN 21313 --- [nio-8881-exec-8] .w.s.m.s.DefaultHandlerExceptionResolver : Resolved [org.springframework.web.bind.MethodArgumentNotValidException: Validation failed for argument [0] in public org.springframework.http.ResponseEntity<?> recipes.controller.UserController.registerUser(recipes.model.User): [Field error in object 'user' on field 'password': rejected value [        ]; codes [NotBlank.user.password,NotBlank.password,NotBlank.java.lang.String,NotBlank]; arguments [org.springframework.context.support.DefaultMessageSourceResolvable: codes [user.password,password]; arguments []; default message [password]]; default message [must not be blank]] ]
?[1;31m
Start test 9?[0m
Hibernate: select user0_.id as id1_3_, user0_.email as email2_3_, user0_.password as password3_3_ from user user0_ where user0_.email=?
Hibernate: select user0_.id as id1_3_0_, user0_.email as email2_3_0_, user0_.password as password3_3_0_ from user user0_ where user0_.id=?
Hibernate: insert into recipe (id, category, date, description, name, user_id) values (null, ?, ?, ?, ?, ?)
Hibernate: insert into recipe_directions (recipe_id, directions_order, directions) values (?, ?, ?)
Hibernate: insert into recipe_directions (recipe_id, directions_order, directions) values (?, ?, ?)
Hibernate: insert into recipe_directions (recipe_id, directions_order, directions) values (?, ?, ?)
Hibernate: insert into recipe_directions (recipe_id, directions_order, directions) values (?, ?, ?)
Hibernate: insert into recipe_directions (recipe_id, directions_order, directions) values (?, ?, ?)
Hibernate: insert into recipe_ingredients (recipe_id, ingredients_order, ingredients) values (?, ?, ?)
Hibernate: insert into recipe_ingredients (recipe_id, ingredients_order, ingredients) values (?, ?, ?)
Hibernate: insert into recipe_ingredients (recipe_id, ingredients_order, ingredients) values (?, ?, ?)
?[1;31m
Start test 10?[0m
Hibernate: select user0_.id as id1_3_, user0_.email as email2_3_, user0_.password as password3_3_ from user user0_ where user0_.email=?
Hibernate: select user0_.id as id1_3_0_, user0_.email as email2_3_0_, user0_.password as password3_3_0_ from user user0_ where user0_.id=?
Hibernate: insert into recipe (id, category, date, description, name, user_id) values (null, ?, ?, ?, ?, ?)
Hibernate: insert into recipe_directions (recipe_id, directions_order, directions) values (?, ?, ?)
Hibernate: insert into recipe_directions (recipe_id, directions_order, directions) values (?, ?, ?)
Hibernate: insert into recipe_directions (recipe_id, directions_order, directions) values (?, ?, ?)
Hibernate: insert into recipe_ingredients (recipe_id, ingredients_order, ingredients) values (?, ?, ?)
Hibernate: insert into recipe_ingredients (recipe_id, ingredients_order, ingredients) values (?, ?, ?)
Hibernate: insert into recipe_ingredients (recipe_id, ingredients_order, ingredients) values (?, ?, ?)
?[1;31m
Start test 11?[0m
Hibernate: select user0_.id as id1_3_, user0_.email as email2_3_, user0_.password as password3_3_ from user user0_ where user0_.email=?
Hibernate: select recipe0_.id as id1_0_0_, recipe0_.category as category2_0_0_, recipe0_.date as date3_0_0_, recipe0_.description as descript4_0_0_, recipe0_.name as name5_0_0_, recipe0_.user_id as user_id6_0_0_, user1_.id as id1_3_1_, user1_.email as email2_3_1_, user1_.password as password3_3_1_ from recipe recipe0_ inner join user user1_ on recipe0_.user_id=user1_.id where recipe0_.id=?
Hibernate: select directions0_.recipe_id as recipe_i1_1_0_, directions0_.directions as directio2_1_0_, directions0_.directions_order as directio3_0_ from recipe_directions directions0_ where directions0_.recipe_id=?
Hibernate: select ingredient0_.recipe_id as recipe_i1_2_0_, ingredient0_.ingredients as ingredie2_2_0_, ingredient0_.ingredients_order as ingredie3_0_ from recipe_ingredients ingredient0_ where ingredient0_.recipe_id=?
?[1;31m
Start test 12?[0m
Hibernate: select user0_.id as id1_3_, user0_.email as email2_3_, user0_.password as password3_3_ from user user0_ where user0_.email=?
Hibernate: select recipe0_.id as id1_0_0_, recipe0_.category as category2_0_0_, recipe0_.date as date3_0_0_, recipe0_.description as descript4_0_0_, recipe0_.name as name5_0_0_, recipe0_.user_id as user_id6_0_0_, user1_.id as id1_3_1_, user1_.email as email2_3_1_, user1_.password as password3_3_1_ from recipe recipe0_ inner join user user1_ on recipe0_.user_id=user1_.id where recipe0_.id=?
Hibernate: select directions0_.recipe_id as recipe_i1_1_0_, directions0_.directions as directio2_1_0_, directions0_.directions_order as directio3_0_ from recipe_directions directions0_ where directions0_.recipe_id=?
Hibernate: select ingredient0_.recipe_id as recipe_i1_2_0_, ingredient0_.ingredients as ingredie2_2_0_, ingredient0_.ingredients_order as ingredie3_0_ from recipe_ingredients ingredient0_ where ingredient0_.recipe_id=?
?[1;31m
Start test 13?[0m
2022-07-29 13:18:19.290  INFO 21313 --- [       Thread-5] j.LocalContainerEntityManagerFactoryBean : Closing JPA EntityManagerFactory for persistence unit 'default'
2022-07-29 13:18:19.292  INFO 21313 --- [       Thread-5] com.zaxxer.hikari.HikariDataSource       : HikariPool-1 - Shutdown initiated...
2022-07-29 13:18:19.461  INFO 21313 --- [       Thread-5] com.zaxxer.hikari.HikariDataSource       : HikariPool-1 - Shutdown completed.

  .   ____          _            __ _ _
 /\\ / ___'_ __ _ _(_)_ __  __ _ \ \ \ \
( ( )\___ | '_ | '_| | '_ \/ _` | \ \ \ \
 \\/  ___)| |_)| | | | | || (_| |  ) ) ) )
  '  |____| .__|_| |_|_| |_\__, | / / / /
 =========|_|==============|___/=/_/_/_/
 :: Spring Boot ::                (v2.5.6)

2022-07-29 13:18:19.489  INFO 21313 --- [    Test worker] recipes.RecipesApplication               : Starting RecipesApplication using Java 17.0.3 on ydoksanbirMP with PID 21313 (started by doksanbir in /Users/doksanbir/IdeaProjects/Recipes/Recipes/task)
2022-07-29 13:18:19.490  INFO 21313 --- [    Test worker] recipes.RecipesApplication               : No active profile set, falling back to default profiles: default
2022-07-29 13:18:19.593  INFO 21313 --- [    Test worker] .s.d.r.c.RepositoryConfigurationDelegate : Bootstrapping Spring Data JPA repositories in DEFAULT mode.
2022-07-29 13:18:19.596  INFO 21313 --- [    Test worker] .s.d.r.c.RepositoryConfigurationDelegate : Finished Spring Data repository scanning in 2 ms. Found 2 JPA repository interfaces.
2022-07-29 13:18:19.631  INFO 21313 --- [    Test worker] o.s.b.w.embedded.tomcat.TomcatWebServer  : Tomcat initialized with port(s): 8881 (http)
2022-07-29 13:18:19.632  INFO 21313 --- [    Test worker] o.apache.catalina.core.StandardService   : Starting service [Tomcat]
2022-07-29 13:18:19.632  INFO 21313 --- [    Test worker] org.apache.catalina.core.StandardEngine  : Starting Servlet engine: [Apache Tomcat/9.0.54]
2022-07-29 13:18:19.639  INFO 21313 --- [    Test worker] o.a.c.c.C.[Tomcat].[localhost].[/]       : Initializing Spring embedded WebApplicationContext
2022-07-29 13:18:19.639  INFO 21313 --- [    Test worker] w.s.c.ServletWebServerApplicationContext : Root WebApplicationContext: initialization completed in 148 ms
2022-07-29 13:18:19.652  INFO 21313 --- [    Test worker] com.zaxxer.hikari.HikariDataSource       : HikariPool-2 - Starting...
2022-07-29 13:18:19.656  INFO 21313 --- [    Test worker] com.zaxxer.hikari.HikariDataSource       : HikariPool-2 - Start completed.
2022-07-29 13:18:19.656  INFO 21313 --- [    Test worker] o.s.b.a.h2.H2ConsoleAutoConfiguration    : H2 console available at '/h2-console'. Database available at 'jdbc:h2:file:../recipes_db'
2022-07-29 13:18:19.674  INFO 21313 --- [    Test worker] o.hibernate.jpa.internal.util.LogHelper  : HHH000204: Processing PersistenceUnitInfo [name: default]
2022-07-29 13:18:19.676  INFO 21313 --- [    Test worker] org.hibernate.dialect.Dialect            : HHH000400: Using dialect: org.hibernate.dialect.H2Dialect
2022-07-29 13:18:19.730  INFO 21313 --- [    Test worker] o.h.e.t.j.p.i.JtaPlatformInitiator       : HHH000490: Using JtaPlatform implementation: [org.hibernate.engine.transaction.jta.platform.internal.NoJtaPlatform]
2022-07-29 13:18:19.730  INFO 21313 --- [    Test worker] j.LocalContainerEntityManagerFactoryBean : Initialized JPA EntityManagerFactory for persistence unit 'default'
2022-07-29 13:18:19.741  WARN 21313 --- [    Test worker] JpaBaseConfiguration$JpaWebConfiguration : spring.jpa.open-in-view is enabled by default. Therefore, database queries may be performed during view rendering. Explicitly configure spring.jpa.open-in-view to disable this warning
2022-07-29 13:18:19.771  INFO 21313 --- [    Test worker] o.s.s.web.DefaultSecurityFilterChain     : Will secure any request with [org.springframework.security.web.context.request.async.WebAsyncManagerIntegrationFilter@17c0d43c, org.springframework.security.web.context.SecurityContextPersistenceFilter@291fba9, org.springframework.security.web.header.HeaderWriterFilter@7fdaeb6b, org.springframework.security.web.authentication.logout.LogoutFilter@ca90087, org.springframework.security.web.authentication.www.BasicAuthenticationFilter@76afb9d, org.springframework.security.web.savedrequest.RequestCacheAwareFilter@29ff84fa, org.springframework.security.web.servletapi.SecurityContextHolderAwareRequestFilter@156b31d, org.springframework.security.web.authentication.AnonymousAuthenticationFilter@77c8b276, org.springframework.security.web.session.SessionManagementFilter@4ee9daf5, org.springframework.security.web.access.ExceptionTranslationFilter@c54e23b, org.springframework.security.web.access.intercept.FilterSecurityInterceptor@4be171d1]
2022-07-29 13:18:19.845  INFO 21313 --- [    Test worker] o.s.b.a.e.web.EndpointLinksResolver      : Exposing 14 endpoint(s) beneath base path '/actuator'
2022-07-29 13:18:19.851  INFO 21313 --- [    Test worker] o.s.b.w.embedded.tomcat.TomcatWebServer  : Tomcat started on port(s): 8881 (http) with context path ''
2022-07-29 13:18:19.854  INFO 21313 --- [    Test worker] recipes.RecipesApplication               : Started RecipesApplication in 0.379 seconds (JVM running for 4.7)
?[1;31m
Start test 14?[0m
2022-07-29 13:18:19.858  INFO 21313 --- [nio-8881-exec-1] o.a.c.c.C.[Tomcat].[localhost].[/]       : Initializing Spring DispatcherServlet 'dispatcherServlet'
2022-07-29 13:18:19.858  INFO 21313 --- [nio-8881-exec-1] o.s.web.servlet.DispatcherServlet        : Initializing Servlet 'dispatcherServlet'
2022-07-29 13:18:19.859  INFO 21313 --- [nio-8881-exec-1] o.s.web.servlet.DispatcherServlet        : Completed initialization in 1 ms
Hibernate: select user0_.id as id1_3_, user0_.email as email2_3_, user0_.password as password3_3_ from user user0_ where user0_.email=?
Hibernate: select recipe0_.id as id1_0_0_, recipe0_.category as category2_0_0_, recipe0_.date as date3_0_0_, recipe0_.description as descript4_0_0_, recipe0_.name as name5_0_0_, recipe0_.user_id as user_id6_0_0_, user1_.id as id1_3_1_, user1_.email as email2_3_1_, user1_.password as password3_3_1_ from recipe recipe0_ inner join user user1_ on recipe0_.user_id=user1_.id where recipe0_.id=?
Hibernate: select directions0_.recipe_id as recipe_i1_1_0_, directions0_.directions as directio2_1_0_, directions0_.directions_order as directio3_0_ from recipe_directions directions0_ where directions0_.recipe_id=?
Hibernate: select ingredient0_.recipe_id as recipe_i1_2_0_, ingredient0_.ingredients as ingredie2_2_0_, ingredient0_.ingredients_order as ingredie3_0_ from recipe_ingredients ingredient0_ where ingredient0_.recipe_id=?
?[1;31m
Start test 15?[0m
Hibernate: select user0_.id as id1_3_, user0_.email as email2_3_, user0_.password as password3_3_ from user user0_ where user0_.email=?
Hibernate: select recipe0_.id as id1_0_0_, recipe0_.category as category2_0_0_, recipe0_.date as date3_0_0_, recipe0_.description as descript4_0_0_, recipe0_.name as name5_0_0_, recipe0_.user_id as user_id6_0_0_, user1_.id as id1_3_1_, user1_.email as email2_3_1_, user1_.password as password3_3_1_ from recipe recipe0_ inner join user user1_ on recipe0_.user_id=user1_.id where recipe0_.id=?
Hibernate: select directions0_.recipe_id as recipe_i1_1_0_, directions0_.directions as directio2_1_0_, directions0_.directions_order as directio3_0_ from recipe_directions directions0_ where directions0_.recipe_id=?
Hibernate: select ingredient0_.recipe_id as recipe_i1_2_0_, ingredient0_.ingredients as ingredie2_2_0_, ingredient0_.ingredients_order as ingredie3_0_ from recipe_ingredients ingredient0_ where ingredient0_.recipe_id=?
?[1;31m
Start test 16?[0m
Hibernate: select user0_.id as id1_3_, user0_.email as email2_3_, user0_.password as password3_3_ from user user0_ where user0_.email=?
Hibernate: select recipe0_.id as id1_0_0_, recipe0_.category as category2_0_0_, recipe0_.date as date3_0_0_, recipe0_.description as descript4_0_0_, recipe0_.name as name5_0_0_, recipe0_.user_id as user_id6_0_0_, user1_.id as id1_3_1_, user1_.email as email2_3_1_, user1_.password as password3_3_1_ from recipe recipe0_ inner join user user1_ on recipe0_.user_id=user1_.id where recipe0_.id=?
Hibernate: select directions0_.recipe_id as recipe_i1_1_0_, directions0_.directions as directio2_1_0_, directions0_.directions_order as directio3_0_ from recipe_directions directions0_ where directions0_.recipe_id=?
Hibernate: select ingredient0_.recipe_id as recipe_i1_2_0_, ingredient0_.ingredients as ingredie2_2_0_, ingredient0_.ingredients_order as ingredie3_0_ from recipe_ingredients ingredient0_ where ingredient0_.recipe_id=?
Hibernate: update recipe set category=?, date=?, description=?, name=?, user_id=? where id=?
Hibernate: delete from recipe_directions where recipe_id=?
Hibernate: delete from recipe_ingredients where recipe_id=?
Hibernate: insert into recipe_directions (recipe_id, directions_order, directions) values (?, ?, ?)
Hibernate: insert into recipe_directions (recipe_id, directions_order, directions) values (?, ?, ?)
Hibernate: insert into recipe_directions (recipe_id, directions_order, directions) values (?, ?, ?)
Hibernate: insert into recipe_ingredients (recipe_id, ingredients_order, ingredients) values (?, ?, ?)
Hibernate: insert into recipe_ingredients (recipe_id, ingredients_order, ingredients) values (?, ?, ?)
Hibernate: insert into recipe_ingredients (recipe_id, ingredients_order, ingredients) values (?, ?, ?)
?[1;31m
Start test 17?[0m
Hibernate: select user0_.id as id1_3_, user0_.email as email2_3_, user0_.password as password3_3_ from user user0_ where user0_.email=?
Hibernate: select recipe0_.id as id1_0_0_, recipe0_.category as category2_0_0_, recipe0_.date as date3_0_0_, recipe0_.description as descript4_0_0_, recipe0_.name as name5_0_0_, recipe0_.user_id as user_id6_0_0_, user1_.id as id1_3_1_, user1_.email as email2_3_1_, user1_.password as password3_3_1_ from recipe recipe0_ inner join user user1_ on recipe0_.user_id=user1_.id where recipe0_.id=?
Hibernate: select directions0_.recipe_id as recipe_i1_1_0_, directions0_.directions as directio2_1_0_, directions0_.directions_order as directio3_0_ from recipe_directions directions0_ where directions0_.recipe_id=?
Hibernate: select ingredient0_.recipe_id as recipe_i1_2_0_, ingredient0_.ingredients as ingredie2_2_0_, ingredient0_.ingredients_order as ingredie3_0_ from recipe_ingredients ingredient0_ where ingredient0_.recipe_id=?
?[1;31m
Start test 18?[0m
Hibernate: select user0_.id as id1_3_, user0_.email as email2_3_, user0_.password as password3_3_ from user user0_ where user0_.email=?
Hibernate: select recipe0_.id as id1_0_0_, recipe0_.category as category2_0_0_, recipe0_.date as date3_0_0_, recipe0_.description as descript4_0_0_, recipe0_.name as name5_0_0_, recipe0_.user_id as user_id6_0_0_, user1_.id as id1_3_1_, user1_.email as email2_3_1_, user1_.password as password3_3_1_ from recipe recipe0_ inner join user user1_ on recipe0_.user_id=user1_.id where recipe0_.id=?
Hibernate: select directions0_.recipe_id as recipe_i1_1_0_, directions0_.directions as directio2_1_0_, directions0_.directions_order as directio3_0_ from recipe_directions directions0_ where directions0_.recipe_id=?
Hibernate: select ingredient0_.recipe_id as recipe_i1_2_0_, ingredient0_.ingredients as ingredie2_2_0_, ingredient0_.ingredients_order as ingredie3_0_ from recipe_ingredients ingredient0_ where ingredient0_.recipe_id=?
Hibernate: delete from recipe_directions where recipe_id=?
Hibernate: delete from recipe_ingredients where recipe_id=?
Hibernate: delete from recipe where id=?
?[1;31m
Start test 19?[0m
Hibernate: select user0_.id as id1_3_, user0_.email as email2_3_, user0_.password as password3_3_ from user user0_ where user0_.email=?
Hibernate: select recipe0_.id as id1_0_0_, recipe0_.category as category2_0_0_, recipe0_.date as date3_0_0_, recipe0_.description as descript4_0_0_, recipe0_.name as name5_0_0_, recipe0_.user_id as user_id6_0_0_, user1_.id as id1_3_1_, user1_.email as email2_3_1_, user1_.password as password3_3_1_ from recipe recipe0_ inner join user user1_ on recipe0_.user_id=user1_.id where recipe0_.id=?
?[1;31m
Start test 20?[0m
Hibernate: select user0_.id as id1_3_, user0_.email as email2_3_, user0_.password as password3_3_ from user user0_ where user0_.email=?
Hibernate: select recipe0_.id as id1_0_0_, recipe0_.category as category2_0_0_, recipe0_.date as date3_0_0_, recipe0_.description as descript4_0_0_, recipe0_.name as name5_0_0_, recipe0_.user_id as user_id6_0_0_, user1_.id as id1_3_1_, user1_.email as email2_3_1_, user1_.password as password3_3_1_ from recipe recipe0_ inner join user user1_ on recipe0_.user_id=user1_.id where recipe0_.id=?
?[1;31m
Start test 21?[0m
Hibernate: select user0_.id as id1_3_, user0_.email as email2_3_, user0_.password as password3_3_ from user user0_ where user0_.email=?
Hibernate: select recipe0_.id as id1_0_0_, recipe0_.category as category2_0_0_, recipe0_.date as date3_0_0_, recipe0_.description as descript4_0_0_, recipe0_.name as name5_0_0_, recipe0_.user_id as user_id6_0_0_, user1_.id as id1_3_1_, user1_.email as email2_3_1_, user1_.password as password3_3_1_ from recipe recipe0_ inner join user user1_ on recipe0_.user_id=user1_.id where recipe0_.id=?
?[1;31m
Start test 22?[0m
Hibernate: select user0_.id as id1_3_, user0_.email as email2_3_, user0_.password as password3_3_ from user user0_ where user0_.email=?
Hibernate: select user0_.id as id1_3_0_, user0_.email as email2_3_0_, user0_.password as password3_3_0_ from user user0_ where user0_.id=?
Hibernate: insert into recipe (id, category, date, description, name, user_id) values (null, ?, ?, ?, ?, ?)
Hibernate: insert into recipe_directions (recipe_id, directions_order, directions) values (?, ?, ?)
Hibernate: insert into recipe_directions (recipe_id, directions_order, directions) values (?, ?, ?)
Hibernate: insert into recipe_ingredients (recipe_id, ingredients_order, ingredients) values (?, ?, ?)
Hibernate: insert into recipe_ingredients (recipe_id, ingredients_order, ingredients) values (?, ?, ?)
Hibernate: insert into recipe_ingredients (recipe_id, ingredients_order, ingredients) values (?, ?, ?)
?[1;31m
Start test 23?[0m
Hibernate: select user0_.id as id1_3_, user0_.email as email2_3_, user0_.password as password3_3_ from user user0_ where user0_.email=?
Hibernate: select user0_.id as id1_3_0_, user0_.email as email2_3_0_, user0_.password as password3_3_0_ from user user0_ where user0_.id=?
Hibernate: insert into recipe (id, category, date, description, name, user_id) values (null, ?, ?, ?, ?, ?)
Hibernate: insert into recipe_directions (recipe_id, directions_order, directions) values (?, ?, ?)
Hibernate: insert into recipe_directions (recipe_id, directions_order, directions) values (?, ?, ?)
Hibernate: insert into recipe_directions (recipe_id, directions_order, directions) values (?, ?, ?)
Hibernate: insert into recipe_ingredients (recipe_id, ingredients_order, ingredients) values (?, ?, ?)
Hibernate: insert into recipe_ingredients (recipe_id, ingredients_order, ingredients) values (?, ?, ?)
Hibernate: insert into recipe_ingredients (recipe_id, ingredients_order, ingredients) values (?, ?, ?)
?[1;31m
Start test 24?[0m
Hibernate: select user0_.id as id1_3_, user0_.email as email2_3_, user0_.password as password3_3_ from user user0_ where user0_.email=?
Hibernate: select user0_.id as id1_3_0_, user0_.email as email2_3_0_, user0_.password as password3_3_0_ from user user0_ where user0_.id=?
Hibernate: insert into recipe (id, category, date, description, name, user_id) values (null, ?, ?, ?, ?, ?)
Hibernate: insert into recipe_directions (recipe_id, directions_order, directions) values (?, ?, ?)
Hibernate: insert into recipe_directions (recipe_id, directions_order, directions) values (?, ?, ?)
Hibernate: insert into recipe_directions (recipe_id, directions_order, directions) values (?, ?, ?)
Hibernate: insert into recipe_ingredients (recipe_id, ingredients_order, ingredients) values (?, ?, ?)
Hibernate: insert into recipe_ingredients (recipe_id, ingredients_order, ingredients) values (?, ?, ?)
Hibernate: insert into recipe_ingredients (recipe_id, ingredients_order, ingredients) values (?, ?, ?)
?[1;31m
Start test 25?[0m
Hibernate: select user0_.id as id1_3_, user0_.email as email2_3_, user0_.password as password3_3_ from user user0_ where user0_.email=?
Hibernate: select user0_.id as id1_3_0_, user0_.email as email2_3_0_, user0_.password as password3_3_0_ from user user0_ where user0_.id=?
Hibernate: insert into recipe (id, category, date, description, name, user_id) values (null, ?, ?, ?, ?, ?)
Hibernate: insert into recipe_directions (recipe_id, directions_order, directions) values (?, ?, ?)
Hibernate: insert into recipe_directions (recipe_id, directions_order, directions) values (?, ?, ?)
Hibernate: insert into recipe_ingredients (recipe_id, ingredients_order, ingredients) values (?, ?, ?)
Hibernate: insert into recipe_ingredients (recipe_id, ingredients_order, ingredients) values (?, ?, ?)
Hibernate: insert into recipe_ingredients (recipe_id, ingredients_order, ingredients) values (?, ?, ?)
?[1;31m
Start test 26?[0m
Hibernate: select user0_.id as id1_3_, user0_.email as email2_3_, user0_.password as password3_3_ from user user0_ where user0_.email=?
Hibernate: select user0_.id as id1_3_0_, user0_.email as email2_3_0_, user0_.password as password3_3_0_ from user user0_ where user0_.id=?
Hibernate: insert into recipe (id, category, date, description, name, user_id) values (null, ?, ?, ?, ?, ?)
Hibernate: insert into recipe_directions (recipe_id, directions_order, directions) values (?, ?, ?)
Hibernate: insert into recipe_directions (recipe_id, directions_order, directions) values (?, ?, ?)
Hibernate: insert into recipe_directions (recipe_id, directions_order, directions) values (?, ?, ?)
Hibernate: insert into recipe_ingredients (recipe_id, ingredients_order, ingredients) values (?, ?, ?)
Hibernate: insert into recipe_ingredients (recipe_id, ingredients_order, ingredients) values (?, ?, ?)
Hibernate: insert into recipe_ingredients (recipe_id, ingredients_order, ingredients) values (?, ?, ?)
?[1;31m
Start test 27?[0m
Hibernate: select user0_.id as id1_3_, user0_.email as email2_3_, user0_.password as password3_3_ from user user0_ where user0_.email=?
Hibernate: select user0_.id as id1_3_0_, user0_.email as email2_3_0_, user0_.password as password3_3_0_ from user user0_ where user0_.id=?
Hibernate: insert into recipe (id, category, date, description, name, user_id) values (null, ?, ?, ?, ?, ?)
Hibernate: insert into recipe_directions (recipe_id, directions_order, directions) values (?, ?, ?)
Hibernate: insert into recipe_directions (recipe_id, directions_order, directions) values (?, ?, ?)
Hibernate: insert into recipe_directions (recipe_id, directions_order, directions) values (?, ?, ?)
Hibernate: insert into recipe_ingredients (recipe_id, ingredients_order, ingredients) values (?, ?, ?)
Hibernate: insert into recipe_ingredients (recipe_id, ingredients_order, ingredients) values (?, ?, ?)
?[1;31m
Start test 28?[0m
Hibernate: select user0_.id as id1_3_, user0_.email as email2_3_, user0_.password as password3_3_ from user user0_ where user0_.email=?
Hibernate: select user0_.id as id1_3_0_, user0_.email as email2_3_0_, user0_.password as password3_3_0_ from user user0_ where user0_.id=?
Hibernate: insert into recipe (id, category, date, description, name, user_id) values (null, ?, ?, ?, ?, ?)
Hibernate: insert into recipe_directions (recipe_id, directions_order, directions) values (?, ?, ?)
Hibernate: insert into recipe_directions (recipe_id, directions_order, directions) values (?, ?, ?)
Hibernate: insert into recipe_directions (recipe_id, directions_order, directions) values (?, ?, ?)
Hibernate: insert into recipe_ingredients (recipe_id, ingredients_order, ingredients) values (?, ?, ?)
Hibernate: insert into recipe_ingredients (recipe_id, ingredients_order, ingredients) values (?, ?, ?)
Hibernate: insert into recipe_ingredients (recipe_id, ingredients_order, ingredients) values (?, ?, ?)
?[1;31m
Start test 29?[0m
Hibernate: select user0_.id as id1_3_, user0_.email as email2_3_, user0_.password as password3_3_ from user user0_ where user0_.email=?
Hibernate: select user0_.id as id1_3_0_, user0_.email as email2_3_0_, user0_.password as password3_3_0_ from user user0_ where user0_.id=?
Hibernate: insert into recipe (id, category, date, description, name, user_id) values (null, ?, ?, ?, ?, ?)
Hibernate: insert into recipe_directions (recipe_id, directions_order, directions) values (?, ?, ?)
Hibernate: insert into recipe_directions (recipe_id, directions_order, directions) values (?, ?, ?)
Hibernate: insert into recipe_ingredients (recipe_id, ingredients_order, ingredients) values (?, ?, ?)
Hibernate: insert into recipe_ingredients (recipe_id, ingredients_order, ingredients) values (?, ?, ?)
Hibernate: insert into recipe_ingredients (recipe_id, ingredients_order, ingredients) values (?, ?, ?)
?[1;31m
Start test 30?[0m
Hibernate: select user0_.id as id1_3_, user0_.email as email2_3_, user0_.password as password3_3_ from user user0_ where user0_.email=?
Hibernate: select user0_.id as id1_3_0_, user0_.email as email2_3_0_, user0_.password as password3_3_0_ from user user0_ where user0_.id=?
Hibernate: insert into recipe (id, category, date, description, name, user_id) values (null, ?, ?, ?, ?, ?)
Hibernate: insert into recipe_directions (recipe_id, directions_order, directions) values (?, ?, ?)
Hibernate: insert into recipe_directions (recipe_id, directions_order, directions) values (?, ?, ?)
Hibernate: insert into recipe_directions (recipe_id, directions_order, directions) values (?, ?, ?)
Hibernate: insert into recipe_ingredients (recipe_id, ingredients_order, ingredients) values (?, ?, ?)
Hibernate: insert into recipe_ingredients (recipe_id, ingredients_order, ingredients) values (?, ?, ?)
?[1;31m
Start test 31?[0m
Hibernate: select user0_.id as id1_3_, user0_.email as email2_3_, user0_.password as password3_3_ from user user0_ where user0_.email=?
Hibernate: select user0_.id as id1_3_0_, user0_.email as email2_3_0_, user0_.password as password3_3_0_ from user user0_ where user0_.id=?
Hibernate: insert into recipe (id, category, date, description, name, user_id) values (null, ?, ?, ?, ?, ?)
Hibernate: insert into recipe_directions (recipe_id, directions_order, directions) values (?, ?, ?)
Hibernate: insert into recipe_directions (recipe_id, directions_order, directions) values (?, ?, ?)
Hibernate: insert into recipe_ingredients (recipe_id, ingredients_order, ingredients) values (?, ?, ?)
Hibernate: insert into recipe_ingredients (recipe_id, ingredients_order, ingredients) values (?, ?, ?)
Hibernate: insert into recipe_ingredients (recipe_id, ingredients_order, ingredients) values (?, ?, ?)
?[1;31m
Start test 32?[0m
Hibernate: select user0_.id as id1_3_, user0_.email as email2_3_, user0_.password as password3_3_ from user user0_ where user0_.email=?
Hibernate: select user0_.id as id1_3_0_, user0_.email as email2_3_0_, user0_.password as password3_3_0_ from user user0_ where user0_.id=?
Hibernate: insert into recipe (id, category, date, description, name, user_id) values (null, ?, ?, ?, ?, ?)
Hibernate: insert into recipe_directions (recipe_id, directions_order, directions) values (?, ?, ?)
Hibernate: insert into recipe_directions (recipe_id, directions_order, directions) values (?, ?, ?)
Hibernate: insert into recipe_directions (recipe_id, directions_order, directions) values (?, ?, ?)
Hibernate: insert into recipe_ingredients (recipe_id, ingredients_order, ingredients) values (?, ?, ?)
Hibernate: insert into recipe_ingredients (recipe_id, ingredients_order, ingredients) values (?, ?, ?)
?[1;31m
Start test 33?[0m
Hibernate: select user0_.id as id1_3_, user0_.email as email2_3_, user0_.password as password3_3_ from user user0_ where user0_.email=?
Hibernate: select user0_.id as id1_3_0_, user0_.email as email2_3_0_, user0_.password as password3_3_0_ from user user0_ where user0_.id=?
Hibernate: insert into recipe (id, category, date, description, name, user_id) values (null, ?, ?, ?, ?, ?)
Hibernate: insert into recipe_directions (recipe_id, directions_order, directions) values (?, ?, ?)
Hibernate: insert into recipe_directions (recipe_id, directions_order, directions) values (?, ?, ?)
Hibernate: insert into recipe_directions (recipe_id, directions_order, directions) values (?, ?, ?)
Hibernate: insert into recipe_ingredients (recipe_id, ingredients_order, ingredients) values (?, ?, ?)
Hibernate: insert into recipe_ingredients (recipe_id, ingredients_order, ingredients) values (?, ?, ?)
?[1;31m
Start test 34?[0m
Hibernate: select user0_.id as id1_3_, user0_.email as email2_3_, user0_.password as password3_3_ from user user0_ where user0_.email=?
Hibernate: select user0_.id as id1_3_0_, user0_.email as email2_3_0_, user0_.password as password3_3_0_ from user user0_ where user0_.id=?
Hibernate: insert into recipe (id, category, date, description, name, user_id) values (null, ?, ?, ?, ?, ?)
Hibernate: insert into recipe_directions (recipe_id, directions_order, directions) values (?, ?, ?)
Hibernate: insert into recipe_directions (recipe_id, directions_order, directions) values (?, ?, ?)
Hibernate: insert into recipe_ingredients (recipe_id, ingredients_order, ingredients) values (?, ?, ?)
Hibernate: insert into recipe_ingredients (recipe_id, ingredients_order, ingredients) values (?, ?, ?)
Hibernate: insert into recipe_ingredients (recipe_id, ingredients_order, ingredients) values (?, ?, ?)
?[1;31m
Start test 35?[0m
Hibernate: select user0_.id as id1_3_, user0_.email as email2_3_, user0_.password as password3_3_ from user user0_ where user0_.email=?
Hibernate: select recipe0_.id as id1_0_, recipe0_.category as category2_0_, recipe0_.date as date3_0_, recipe0_.description as descript4_0_, recipe0_.name as name5_0_, recipe0_.user_id as user_id6_0_ from recipe recipe0_ where upper(recipe0_.category)=upper(?) order by recipe0_.date desc
Hibernate: select directions0_.recipe_id as recipe_i1_1_0_, directions0_.directions as directio2_1_0_, directions0_.directions_order as directio3_0_ from recipe_directions directions0_ where directions0_.recipe_id=?
Hibernate: select ingredient0_.recipe_id as recipe_i1_2_0_, ingredient0_.ingredients as ingredie2_2_0_, ingredient0_.ingredients_order as ingredie3_0_ from recipe_ingredients ingredient0_ where ingredient0_.recipe_id=?
Hibernate: select user0_.id as id1_3_0_, user0_.email as email2_3_0_, user0_.password as password3_3_0_ from user user0_ where user0_.id=?
Hibernate: select directions0_.recipe_id as recipe_i1_1_0_, directions0_.directions as directio2_1_0_, directions0_.directions_order as directio3_0_ from recipe_directions directions0_ where directions0_.recipe_id=?
Hibernate: select ingredient0_.recipe_id as recipe_i1_2_0_, ingredient0_.ingredients as ingredie2_2_0_, ingredient0_.ingredients_order as ingredie3_0_ from recipe_ingredients ingredient0_ where ingredient0_.recipe_id=?
Hibernate: select directions0_.recipe_id as recipe_i1_1_0_, directions0_.directions as directio2_1_0_, directions0_.directions_order as directio3_0_ from recipe_directions directions0_ where directions0_.recipe_id=?
Hibernate: select ingredient0_.recipe_id as recipe_i1_2_0_, ingredient0_.ingredients as ingredie2_2_0_, ingredient0_.ingredients_order as ingredie3_0_ from recipe_ingredients ingredient0_ where ingredient0_.recipe_id=?
Hibernate: select directions0_.recipe_id as recipe_i1_1_0_, directions0_.directions as directio2_1_0_, directions0_.directions_order as directio3_0_ from recipe_directions directions0_ where directions0_.recipe_id=?
Hibernate: select ingredient0_.recipe_id as recipe_i1_2_0_, ingredient0_.ingredients as ingredie2_2_0_, ingredient0_.ingredients_order as ingredie3_0_ from recipe_ingredients ingredient0_ where ingredient0_.recipe_id=?
Hibernate: select directions0_.recipe_id as recipe_i1_1_0_, directions0_.directions as directio2_1_0_, directions0_.directions_order as directio3_0_ from recipe_directions directions0_ where directions0_.recipe_id=?
Hibernate: select ingredient0_.recipe_id as recipe_i1_2_0_, ingredient0_.ingredients as ingredie2_2_0_, ingredient0_.ingredients_order as ingredie3_0_ from recipe_ingredients ingredient0_ where ingredient0_.recipe_id=?
Hibernate: select directions0_.recipe_id as recipe_i1_1_0_, directions0_.directions as directio2_1_0_, directions0_.directions_order as directio3_0_ from recipe_directions directions0_ where directions0_.recipe_id=?
Hibernate: select ingredient0_.recipe_id as recipe_i1_2_0_, ingredient0_.ingredients as ingredie2_2_0_, ingredient0_.ingredients_order as ingredie3_0_ from recipe_ingredients ingredient0_ where ingredient0_.recipe_id=?
Hibernate: select directions0_.recipe_id as recipe_i1_1_0_, directions0_.directions as directio2_1_0_, directions0_.directions_order as directio3_0_ from recipe_directions directions0_ where directions0_.recipe_id=?
Hibernate: select ingredient0_.recipe_id as recipe_i1_2_0_, ingredient0_.ingredients as ingredie2_2_0_, ingredient0_.ingredients_order as ingredie3_0_ from recipe_ingredients ingredient0_ where ingredient0_.recipe_id=?
?[1;31m
Start test 36?[0m
Hibernate: select user0_.id as id1_3_, user0_.email as email2_3_, user0_.password as password3_3_ from user user0_ where user0_.email=?
Hibernate: select distinct recipe0_.id as id1_0_, recipe0_.category as category2_0_, recipe0_.date as date3_0_, recipe0_.description as descript4_0_, recipe0_.name as name5_0_, recipe0_.user_id as user_id6_0_ from recipe recipe0_ where upper(recipe0_.name) like upper(?) escape ? order by recipe0_.date desc
Hibernate: select directions0_.recipe_id as recipe_i1_1_0_, directions0_.directions as directio2_1_0_, directions0_.directions_order as directio3_0_ from recipe_directions directions0_ where directions0_.recipe_id=?
Hibernate: select ingredient0_.recipe_id as recipe_i1_2_0_, ingredient0_.ingredients as ingredie2_2_0_, ingredient0_.ingredients_order as ingredie3_0_ from recipe_ingredients ingredient0_ where ingredient0_.recipe_id=?
Hibernate: select user0_.id as id1_3_0_, user0_.email as email2_3_0_, user0_.password as password3_3_0_ from user user0_ where user0_.id=?
Hibernate: select directions0_.recipe_id as recipe_i1_1_0_, directions0_.directions as directio2_1_0_, directions0_.directions_order as directio3_0_ from recipe_directions directions0_ where directions0_.recipe_id=?
Hibernate: select ingredient0_.recipe_id as recipe_i1_2_0_, ingredient0_.ingredients as ingredie2_2_0_, ingredient0_.ingredients_order as ingredie3_0_ from recipe_ingredients ingredient0_ where ingredient0_.recipe_id=?
Hibernate: select directions0_.recipe_id as recipe_i1_1_0_, directions0_.directions as directio2_1_0_, directions0_.directions_order as directio3_0_ from recipe_directions directions0_ where directions0_.recipe_id=?
Hibernate: select ingredient0_.recipe_id as recipe_i1_2_0_, ingredient0_.ingredients as ingredie2_2_0_, ingredient0_.ingredients_order as ingredie3_0_ from recipe_ingredients ingredient0_ where ingredient0_.recipe_id=?
Hibernate: select directions0_.recipe_id as recipe_i1_1_0_, directions0_.directions as directio2_1_0_, directions0_.directions_order as directio3_0_ from recipe_directions directions0_ where directions0_.recipe_id=?
Hibernate: select ingredient0_.recipe_id as recipe_i1_2_0_, ingredient0_.ingredients as ingredie2_2_0_, ingredient0_.ingredients_order as ingredie3_0_ from recipe_ingredients ingredient0_ where ingredient0_.recipe_id=?
Hibernate: select directions0_.recipe_id as recipe_i1_1_0_, directions0_.directions as directio2_1_0_, directions0_.directions_order as directio3_0_ from recipe_directions directions0_ where directions0_.recipe_id=?
Hibernate: select ingredient0_.recipe_id as recipe_i1_2_0_, ingredient0_.ingredients as ingredie2_2_0_, ingredient0_.ingredients_order as ingredie3_0_ from recipe_ingredients ingredient0_ where ingredient0_.recipe_id=?
Hibernate: select directions0_.recipe_id as recipe_i1_1_0_, directions0_.directions as directio2_1_0_, directions0_.directions_order as directio3_0_ from recipe_directions directions0_ where directions0_.recipe_id=?
Hibernate: select ingredient0_.recipe_id as recipe_i1_2_0_, ingredient0_.ingredients as ingredie2_2_0_, ingredient0_.ingredients_order as ingredie3_0_ from recipe_ingredients ingredient0_ where ingredient0_.recipe_id=?
?[1;31m
Start test 37?[0m
Hibernate: select user0_.id as id1_3_, user0_.email as email2_3_, user0_.password as password3_3_ from user user0_ where user0_.email=?
Hibernate: select recipe0_.id as id1_0_, recipe0_.category as category2_0_, recipe0_.date as date3_0_, recipe0_.description as descript4_0_, recipe0_.name as name5_0_, recipe0_.user_id as user_id6_0_ from recipe recipe0_ where upper(recipe0_.category)=upper(?) order by recipe0_.date desc
?[1;31m
Start test 38?[0m
Hibernate: select user0_.id as id1_3_, user0_.email as email2_3_, user0_.password as password3_3_ from user user0_ where user0_.email=?
Hibernate: select distinct recipe0_.id as id1_0_, recipe0_.category as category2_0_, recipe0_.date as date3_0_, recipe0_.description as descript4_0_, recipe0_.name as name5_0_, recipe0_.user_id as user_id6_0_ from recipe recipe0_ where upper(recipe0_.name) like upper(?) escape ? order by recipe0_.date desc
?[1;31m
Start test 39?[0m
Hibernate: select user0_.id as id1_3_, user0_.email as email2_3_, user0_.password as password3_3_ from user user0_ where user0_.email=?
?[1;31m
Start test 40?[0m
Hibernate: select user0_.id as id1_3_, user0_.email as email2_3_, user0_.password as password3_3_ from user user0_ where user0_.email=?
?[1;31m
Start test 41?[0m
Hibernate: select user0_.id as id1_3_, user0_.email as email2_3_, user0_.password as password3_3_ from user user0_ where user0_.email=?
?[1;31m
Start test 42?[0m
Hibernate: select user0_.id as id1_3_, user0_.email as email2_3_, user0_.password as password3_3_ from user user0_ where user0_.email=?
?[1;31m
Start test 43?[0m
Hibernate: select user0_.id as id1_3_, user0_.email as email2_3_, user0_.password as password3_3_ from user user0_ where user0_.email=?
2022-07-29 13:18:22.488  WARN 21313 --- [io-8881-exec-10] .w.s.m.s.DefaultHandlerExceptionResolver : Resolved [org.springframework.web.bind.MethodArgumentNotValidException: Validation failed for argument [0] in public org.springframework.http.ResponseEntity<?> recipes.controller.RecipeController.addRecipe(recipes.model.Recipe) with 2 errors: [Field error in object 'recipe' on field 'name': rejected value [null]; codes [NotBlank.recipe.name,NotBlank.name,NotBlank.java.lang.String,NotBlank]; arguments [org.springframework.context.support.DefaultMessageSourceResolvable: codes [recipe.name,name]; arguments []; default message [name]]; default message [must not be blank]] [Field error in object 'recipe' on field 'name': rejected value [null]; codes [NotEmpty.recipe.name,NotEmpty.name,NotEmpty.java.lang.String,NotEmpty]; arguments [org.springframework.context.support.DefaultMessageSourceResolvable: codes [recipe.name,name]; arguments []; default message [name]]; default message [must not be empty]] ]
?[1;31m
Start test 44?[0m
Hibernate: select user0_.id as id1_3_, user0_.email as email2_3_, user0_.password as password3_3_ from user user0_ where user0_.email=?
2022-07-29 13:18:22.568  WARN 21313 --- [nio-8881-exec-1] .w.s.m.s.DefaultHandlerExceptionResolver : Resolved [org.springframework.web.bind.MethodArgumentNotValidException: Validation failed for argument [0] in public org.springframework.http.ResponseEntity<?> recipes.controller.RecipeController.addRecipe(recipes.model.Recipe) with 2 errors: [Field error in object 'recipe' on field 'category': rejected value [null]; codes [NotEmpty.recipe.category,NotEmpty.category,NotEmpty.java.lang.String,NotEmpty]; arguments [org.springframework.context.support.DefaultMessageSourceResolvable: codes [recipe.category,category]; arguments []; default message [category]]; default message [must not be empty]] [Field error in object 'recipe' on field 'category': rejected value [null]; codes [NotBlank.recipe.category,NotBlank.category,NotBlank.java.lang.String,NotBlank]; arguments [org.springframework.context.support.DefaultMessageSourceResolvable: codes [recipe.category,category]; arguments []; default message [category]]; default message [must not be blank]] ]
?[1;31m
Start test 45?[0m
Hibernate: select user0_.id as id1_3_, user0_.email as email2_3_, user0_.password as password3_3_ from user user0_ where user0_.email=?
2022-07-29 13:18:22.650  WARN 21313 --- [nio-8881-exec-2] .w.s.m.s.DefaultHandlerExceptionResolver : Resolved [org.springframework.web.bind.MethodArgumentNotValidException: Validation failed for argument [0] in public org.springframework.http.ResponseEntity<?> recipes.controller.RecipeController.addRecipe(recipes.model.Recipe) with 2 errors: [Field error in object 'recipe' on field 'description': rejected value [null]; codes [NotBlank.recipe.description,NotBlank.description,NotBlank.java.lang.String,NotBlank]; arguments [org.springframework.context.support.DefaultMessageSourceResolvable: codes [recipe.description,description]; arguments []; default message [description]]; default message [must not be blank]] [Field error in object 'recipe' on field 'description': rejected value [null]; codes [NotEmpty.recipe.description,NotEmpty.description,NotEmpty.java.lang.String,NotEmpty]; arguments [org.springframework.context.support.DefaultMessageSourceResolvable: codes [recipe.description,description]; arguments []; default message [description]]; default message [must not be empty]] ]
?[1;31m
Start test 46?[0m
Hibernate: select user0_.id as id1_3_, user0_.email as email2_3_, user0_.password as password3_3_ from user user0_ where user0_.email=?
2022-07-29 13:18:22.730  WARN 21313 --- [nio-8881-exec-3] .w.s.m.s.DefaultHandlerExceptionResolver : Resolved [org.springframework.web.bind.MethodArgumentNotValidException: Validation failed for argument [0] in public org.springframework.http.ResponseEntity<?> recipes.controller.RecipeController.addRecipe(recipes.model.Recipe): [Field error in object 'recipe' on field 'ingredients': rejected value [null]; codes [NotNull.recipe.ingredients,NotNull.ingredients,NotNull.[Ljava.lang.String;,NotNull]; arguments [org.springframework.context.support.DefaultMessageSourceResolvable: codes [recipe.ingredients,ingredients]; arguments []; default message [ingredients]]; default message [must not be null]] ]
?[1;31m
Start test 47?[0m
Hibernate: select user0_.id as id1_3_, user0_.email as email2_3_, user0_.password as password3_3_ from user user0_ where user0_.email=?
2022-07-29 13:18:22.810  WARN 21313 --- [nio-8881-exec-4] .w.s.m.s.DefaultHandlerExceptionResolver : Resolved [org.springframework.web.bind.MethodArgumentNotValidException: Validation failed for argument [0] in public org.springframework.http.ResponseEntity<?> recipes.controller.RecipeController.addRecipe(recipes.model.Recipe): [Field error in object 'recipe' on field 'directions': rejected value [null]; codes [NotNull.recipe.directions,NotNull.directions,NotNull.[Ljava.lang.String;,NotNull]; arguments [org.springframework.context.support.DefaultMessageSourceResolvable: codes [recipe.directions,directions]; arguments []; default message [directions]]; default message [must not be null]] ]
?[1;31m
Start test 48?[0m
Hibernate: select user0_.id as id1_3_, user0_.email as email2_3_, user0_.password as password3_3_ from user user0_ where user0_.email=?
2022-07-29 13:18:22.890  WARN 21313 --- [nio-8881-exec-5] .w.s.m.s.DefaultHandlerExceptionResolver : Resolved [org.springframework.web.bind.MethodArgumentNotValidException: Validation failed for argument [0] in public org.springframework.http.ResponseEntity<?> recipes.controller.RecipeController.addRecipe(recipes.model.Recipe): [Field error in object 'recipe' on field 'name': rejected value [  ]; codes [NotBlank.recipe.name,NotBlank.name,NotBlank.java.lang.String,NotBlank]; arguments [org.springframework.context.support.DefaultMessageSourceResolvable: codes [recipe.name,name]; arguments []; default message [name]]; default message [must not be blank]] ]
?[1;31m
Start test 49?[0m
Hibernate: select user0_.id as id1_3_, user0_.email as email2_3_, user0_.password as password3_3_ from user user0_ where user0_.email=?
2022-07-29 13:18:22.970  WARN 21313 --- [nio-8881-exec-6] .w.s.m.s.DefaultHandlerExceptionResolver : Resolved [org.springframework.web.bind.MethodArgumentNotValidException: Validation failed for argument [0] in public org.springframework.http.ResponseEntity<?> recipes.controller.RecipeController.addRecipe(recipes.model.Recipe): [Field error in object 'recipe' on field 'category': rejected value [  ]; codes [NotBlank.recipe.category,NotBlank.category,NotBlank.java.lang.String,NotBlank]; arguments [org.springframework.context.support.DefaultMessageSourceResolvable: codes [recipe.category,category]; arguments []; default message [category]]; default message [must not be blank]] ]
?[1;31m
Start test 50?[0m
Hibernate: select user0_.id as id1_3_, user0_.email as email2_3_, user0_.password as password3_3_ from user user0_ where user0_.email=?
2022-07-29 13:18:23.050  WARN 21313 --- [nio-8881-exec-7] .w.s.m.s.DefaultHandlerExceptionResolver : Resolved [org.springframework.web.bind.MethodArgumentNotValidException: Validation failed for argument [0] in public org.springframework.http.ResponseEntity<?> recipes.controller.RecipeController.addRecipe(recipes.model.Recipe): [Field error in object 'recipe' on field 'description': rejected value [  ]; codes [NotBlank.recipe.description,NotBlank.description,NotBlank.java.lang.String,NotBlank]; arguments [org.springframework.context.support.DefaultMessageSourceResolvable: codes [recipe.description,description]; arguments []; default message [description]]; default message [must not be blank]] ]
?[1;31m
Start test 51?[0m
Hibernate: select user0_.id as id1_3_, user0_.email as email2_3_, user0_.password as password3_3_ from user user0_ where user0_.email=?
2022-07-29 13:18:23.130  WARN 21313 --- [nio-8881-exec-8] .w.s.m.s.DefaultHandlerExceptionResolver : Resolved [org.springframework.web.bind.MethodArgumentNotValidException: Validation failed for argument [0] in public org.springframework.http.ResponseEntity<?> recipes.controller.RecipeController.addRecipe(recipes.model.Recipe): [Field error in object 'recipe' on field 'ingredients': rejected value [{}]; codes [Size.recipe.ingredients,Size.ingredients,Size.[Ljava.lang.String;,Size]; arguments [org.springframework.context.support.DefaultMessageSourceResolvable: codes [recipe.ingredients,ingredients]; arguments []; default message [ingredients],2147483647,1]; default message [size must be between 1 and 2147483647]] ]
?[1;31m
Start test 52?[0m
Hibernate: select user0_.id as id1_3_, user0_.email as email2_3_, user0_.password as password3_3_ from user user0_ where user0_.email=?
2022-07-29 13:18:23.210  WARN 21313 --- [nio-8881-exec-9] .w.s.m.s.DefaultHandlerExceptionResolver : Resolved [org.springframework.web.bind.MethodArgumentNotValidException: Validation failed for argument [0] in public org.springframework.http.ResponseEntity<?> recipes.controller.RecipeController.addRecipe(recipes.model.Recipe): [Field error in object 'recipe' on field 'directions': rejected value [{}]; codes [Size.recipe.directions,Size.directions,Size.[Ljava.lang.String;,Size]; arguments [org.springframework.context.support.DefaultMessageSourceResolvable: codes [recipe.directions,directions]; arguments []; default message [directions],2147483647,1]; default message [size must be between 1 and 2147483647]] ]
?[1;31m
Start test 53?[0m
Hibernate: select user0_.id as id1_3_, user0_.email as email2_3_, user0_.password as password3_3_ from user user0_ where user0_.email=?
2022-07-29 13:18:23.290  WARN 21313 --- [io-8881-exec-10] .w.s.m.s.DefaultHandlerExceptionResolver : Resolved [org.springframework.web.bind.MethodArgumentNotValidException: Validation failed for argument [1] in public org.springframework.http.ResponseEntity<?> recipes.controller.RecipeController.updateRecipe(int,recipes.model.Recipe) with 2 errors: [Field error in object 'recipe' on field 'name': rejected value [null]; codes [NotEmpty.recipe.name,NotEmpty.name,NotEmpty.java.lang.String,NotEmpty]; arguments [org.springframework.context.support.DefaultMessageSourceResolvable: codes [recipe.name,name]; arguments []; default message [name]]; default message [must not be empty]] [Field error in object 'recipe' on field 'name': rejected value [null]; codes [NotBlank.recipe.name,NotBlank.name,NotBlank.java.lang.String,NotBlank]; arguments [org.springframework.context.support.DefaultMessageSourceResolvable: codes [recipe.name,name]; arguments []; default message [name]]; default message [must not be blank]] ]
?[1;31m
Start test 54?[0m
Hibernate: select user0_.id as id1_3_, user0_.email as email2_3_, user0_.password as password3_3_ from user user0_ where user0_.email=?
2022-07-29 13:18:23.370  WARN 21313 --- [nio-8881-exec-1] .w.s.m.s.DefaultHandlerExceptionResolver : Resolved [org.springframework.web.bind.MethodArgumentNotValidException: Validation failed for argument [1] in public org.springframework.http.ResponseEntity<?> recipes.controller.RecipeController.updateRecipe(int,recipes.model.Recipe) with 2 errors: [Field error in object 'recipe' on field 'category': rejected value [null]; codes [NotEmpty.recipe.category,NotEmpty.category,NotEmpty.java.lang.String,NotEmpty]; arguments [org.springframework.context.support.DefaultMessageSourceResolvable: codes [recipe.category,category]; arguments []; default message [category]]; default message [must not be empty]] [Field error in object 'recipe' on field 'category': rejected value [null]; codes [NotBlank.recipe.category,NotBlank.category,NotBlank.java.lang.String,NotBlank]; arguments [org.springframework.context.support.DefaultMessageSourceResolvable: codes [recipe.category,category]; arguments []; default message [category]]; default message [must not be blank]] ]
?[1;31m
Start test 55?[0m
Hibernate: select user0_.id as id1_3_, user0_.email as email2_3_, user0_.password as password3_3_ from user user0_ where user0_.email=?
2022-07-29 13:18:23.451  WARN 21313 --- [nio-8881-exec-2] .w.s.m.s.DefaultHandlerExceptionResolver : Resolved [org.springframework.web.bind.MethodArgumentNotValidException: Validation failed for argument [1] in public org.springframework.http.ResponseEntity<?> recipes.controller.RecipeController.updateRecipe(int,recipes.model.Recipe) with 2 errors: [Field error in object 'recipe' on field 'description': rejected value [null]; codes [NotEmpty.recipe.description,NotEmpty.description,NotEmpty.java.lang.String,NotEmpty]; arguments [org.springframework.context.support.DefaultMessageSourceResolvable: codes [recipe.description,description]; arguments []; default message [description]]; default message [must not be empty]] [Field error in object 'recipe' on field 'description': rejected value [null]; codes [NotBlank.recipe.description,NotBlank.description,NotBlank.java.lang.String,NotBlank]; arguments [org.springframework.context.support.DefaultMessageSourceResolvable: codes [recipe.description,description]; arguments []; default message [description]]; default message [must not be blank]] ]
?[1;31m
Start test 56?[0m
Hibernate: select user0_.id as id1_3_, user0_.email as email2_3_, user0_.password as password3_3_ from user user0_ where user0_.email=?
2022-07-29 13:18:23.531  WARN 21313 --- [nio-8881-exec-3] .w.s.m.s.DefaultHandlerExceptionResolver : Resolved [org.springframework.web.bind.MethodArgumentNotValidException: Validation failed for argument [1] in public org.springframework.http.ResponseEntity<?> recipes.controller.RecipeController.updateRecipe(int,recipes.model.Recipe): [Field error in object 'recipe' on field 'ingredients': rejected value [null]; codes [NotNull.recipe.ingredients,NotNull.ingredients,NotNull.[Ljava.lang.String;,NotNull]; arguments [org.springframework.context.support.DefaultMessageSourceResolvable: codes [recipe.ingredients,ingredients]; arguments []; default message [ingredients]]; default message [must not be null]] ]
?[1;31m
Start test 57?[0m
Hibernate: select user0_.id as id1_3_, user0_.email as email2_3_, user0_.password as password3_3_ from user user0_ where user0_.email=?
2022-07-29 13:18:23.611  WARN 21313 --- [nio-8881-exec-4] .w.s.m.s.DefaultHandlerExceptionResolver : Resolved [org.springframework.web.bind.MethodArgumentNotValidException: Validation failed for argument [1] in public org.springframework.http.ResponseEntity<?> recipes.controller.RecipeController.updateRecipe(int,recipes.model.Recipe): [Field error in object 'recipe' on field 'directions': rejected value [null]; codes [NotNull.recipe.directions,NotNull.directions,NotNull.[Ljava.lang.String;,NotNull]; arguments [org.springframework.context.support.DefaultMessageSourceResolvable: codes [recipe.directions,directions]; arguments []; default message [directions]]; default message [must not be null]] ]
?[1;31m
Start test 58?[0m
Hibernate: select user0_.id as id1_3_, user0_.email as email2_3_, user0_.password as password3_3_ from user user0_ where user0_.email=?
2022-07-29 13:18:23.694  WARN 21313 --- [nio-8881-exec-5] .w.s.m.s.DefaultHandlerExceptionResolver : Resolved [org.springframework.web.bind.MethodArgumentNotValidException: Validation failed for argument [1] in public org.springframework.http.ResponseEntity<?> recipes.controller.RecipeController.updateRecipe(int,recipes.model.Recipe): [Field error in object 'recipe' on field 'name': rejected value [  ]; codes [NotBlank.recipe.name,NotBlank.name,NotBlank.java.lang.String,NotBlank]; arguments [org.springframework.context.support.DefaultMessageSourceResolvable: codes [recipe.name,name]; arguments []; default message [name]]; default message [must not be blank]] ]
?[1;31m
Start test 59?[0m
Hibernate: select user0_.id as id1_3_, user0_.email as email2_3_, user0_.password as password3_3_ from user user0_ where user0_.email=?
2022-07-29 13:18:23.777  WARN 21313 --- [nio-8881-exec-6] .w.s.m.s.DefaultHandlerExceptionResolver : Resolved [org.springframework.web.bind.MethodArgumentNotValidException: Validation failed for argument [1] in public org.springframework.http.ResponseEntity<?> recipes.controller.RecipeController.updateRecipe(int,recipes.model.Recipe): [Field error in object 'recipe' on field 'category': rejected value [  ]; codes [NotBlank.recipe.category,NotBlank.category,NotBlank.java.lang.String,NotBlank]; arguments [org.springframework.context.support.DefaultMessageSourceResolvable: codes [recipe.category,category]; arguments []; default message [category]]; default message [must not be blank]] ]
?[1;31m
Start test 60?[0m
Hibernate: select user0_.id as id1_3_, user0_.email as email2_3_, user0_.password as password3_3_ from user user0_ where user0_.email=?
2022-07-29 13:18:23.860  WARN 21313 --- [nio-8881-exec-7] .w.s.m.s.DefaultHandlerExceptionResolver : Resolved [org.springframework.web.bind.MethodArgumentNotValidException: Validation failed for argument [1] in public org.springframework.http.ResponseEntity<?> recipes.controller.RecipeController.updateRecipe(int,recipes.model.Recipe): [Field error in object 'recipe' on field 'description': rejected value [  ]; codes [NotBlank.recipe.description,NotBlank.description,NotBlank.java.lang.String,NotBlank]; arguments [org.springframework.context.support.DefaultMessageSourceResolvable: codes [recipe.description,description]; arguments []; default message [description]]; default message [must not be blank]] ]
?[1;31m
Start test 61?[0m
Hibernate: select user0_.id as id1_3_, user0_.email as email2_3_, user0_.password as password3_3_ from user user0_ where user0_.email=?
2022-07-29 13:18:23.940  WARN 21313 --- [nio-8881-exec-8] .w.s.m.s.DefaultHandlerExceptionResolver : Resolved [org.springframework.web.bind.MethodArgumentNotValidException: Validation failed for argument [1] in public org.springframework.http.ResponseEntity<?> recipes.controller.RecipeController.updateRecipe(int,recipes.model.Recipe): [Field error in object 'recipe' on field 'ingredients': rejected value [{}]; codes [Size.recipe.ingredients,Size.ingredients,Size.[Ljava.lang.String;,Size]; arguments [org.springframework.context.support.DefaultMessageSourceResolvable: codes [recipe.ingredients,ingredients]; arguments []; default message [ingredients],2147483647,1]; default message [size must be between 1 and 2147483647]] ]
?[1;31m
Start test 62?[0m
Hibernate: select user0_.id as id1_3_, user0_.email as email2_3_, user0_.password as password3_3_ from user user0_ where user0_.email=?
2022-07-29 13:18:24.020  WARN 21313 --- [nio-8881-exec-9] .w.s.m.s.DefaultHandlerExceptionResolver : Resolved [org.springframework.web.bind.MethodArgumentNotValidException: Validation failed for argument [1] in public org.springframework.http.ResponseEntity<?> recipes.controller.RecipeController.updateRecipe(int,recipes.model.Recipe): [Field error in object 'recipe' on field 'directions': rejected value [{}]; codes [Size.recipe.directions,Size.directions,Size.[Ljava.lang.String;,Size]; arguments [org.springframework.context.support.DefaultMessageSourceResolvable: codes [recipe.directions,directions]; arguments []; default message [directions],2147483647,1]; default message [size must be between 1 and 2147483647]] ]
?[1;31m
Start test 63?[0m

  .   ____          _            __ _ _
 /\\ / ___'_ __ _ _(_)_ __  __ _ \ \ \ \
( ( )\___ | '_ | '_| | '_ \/ _` | \ \ \ \
 \\/  ___)| |_)| | | | | || (_| |  ) ) ) )
  '  |____| .__|_| |_|_| |_\__, | / / / /
 =========|_|==============|___/=/_/_/_/
 :: Spring Boot ::                (v2.5.6)

2022-07-29 13:18:24.582  INFO 21313 --- [    Test worker] recipes.RecipesApplication               : Starting RecipesApplication using Java 17.0.3 on ydoksanbirMP with PID 21313 (started by doksanbir in /Users/doksanbir/IdeaProjects/Recipes/Recipes/task)
2022-07-29 13:18:24.582  INFO 21313 --- [    Test worker] recipes.RecipesApplication               : No active profile set, falling back to default profiles: default
2022-07-29 13:18:24.696  INFO 21313 --- [    Test worker] .s.d.r.c.RepositoryConfigurationDelegate : Bootstrapping Spring Data JPA repositories in DEFAULT mode.
2022-07-29 13:18:24.699  INFO 21313 --- [    Test worker] .s.d.r.c.RepositoryConfigurationDelegate : Finished Spring Data repository scanning in 3 ms. Found 2 JPA repository interfaces.
2022-07-29 13:18:24.758  INFO 21313 --- [    Test worker] o.s.b.w.embedded.tomcat.TomcatWebServer  : Tomcat initialized with port(s): 8881 (http)
2022-07-29 13:18:24.758  INFO 21313 --- [    Test worker] o.apache.catalina.core.StandardService   : Starting service [Tomcat]
2022-07-29 13:18:24.758  INFO 21313 --- [    Test worker] org.apache.catalina.core.StandardEngine  : Starting Servlet engine: [Apache Tomcat/9.0.54]
2022-07-29 13:18:24.783  INFO 21313 --- [    Test worker] o.a.c.c.C.[Tomcat].[localhost].[/]       : Initializing Spring embedded WebApplicationContext
2022-07-29 13:18:24.783  INFO 21313 --- [    Test worker] w.s.c.ServletWebServerApplicationContext : Root WebApplicationContext: initialization completed in 199 ms
2022-07-29 13:18:24.803  INFO 21313 --- [    Test worker] com.zaxxer.hikari.HikariDataSource       : HikariPool-3 - Starting...
2022-07-29 13:18:24.849  INFO 21313 --- [       Thread-7] com.zaxxer.hikari.HikariDataSource       : HikariPool-2 - Shutdown completed.
2022-07-29 13:18:24.854  INFO 21313 --- [    Test worker] com.zaxxer.hikari.HikariDataSource       : HikariPool-3 - Start completed.
2022-07-29 13:18:24.854  INFO 21313 --- [    Test worker] o.s.b.a.h2.H2ConsoleAutoConfiguration    : H2 console available at '/h2-console'. Database available at 'jdbc:h2:file:../recipes_db'
2022-07-29 13:18:24.869  INFO 21313 --- [    Test worker] o.hibernate.jpa.internal.util.LogHelper  : HHH000204: Processing PersistenceUnitInfo [name: default]
2022-07-29 13:18:24.871  INFO 21313 --- [    Test worker] org.hibernate.dialect.Dialect            : HHH000400: Using dialect: org.hibernate.dialect.H2Dialect
2022-07-29 13:18:24.904  INFO 21313 --- [    Test worker] o.h.e.t.j.p.i.JtaPlatformInitiator       : HHH000490: Using JtaPlatform implementation: [org.hibernate.engine.transaction.jta.platform.internal.NoJtaPlatform]
2022-07-29 13:18:24.904  INFO 21313 --- [    Test worker] j.LocalContainerEntityManagerFactoryBean : Initialized JPA EntityManagerFactory for persistence unit 'default'
2022-07-29 13:18:24.912  WARN 21313 --- [    Test worker] JpaBaseConfiguration$JpaWebConfiguration : spring.jpa.open-in-view is enabled by default. Therefore, database queries may be performed during view rendering. Explicitly configure spring.jpa.open-in-view to disable this warning
2022-07-29 13:18:24.941  INFO 21313 --- [    Test worker] o.s.s.web.DefaultSecurityFilterChain     : Will secure any request with [org.springframework.security.web.context.request.async.WebAsyncManagerIntegrationFilter@20894afb, org.springframework.security.web.context.SecurityContextPersistenceFilter@b079fa2, org.springframework.security.web.header.HeaderWriterFilter@3f7030b5, org.springframework.security.web.authentication.logout.LogoutFilter@e7529ac, org.springframework.security.web.authentication.www.BasicAuthenticationFilter@5fd8302e, org.springframework.security.web.savedrequest.RequestCacheAwareFilter@25198ead, org.springframework.security.web.servletapi.SecurityContextHolderAwareRequestFilter@1b52f723, org.springframework.security.web.authentication.AnonymousAuthenticationFilter@46823e8, org.springframework.security.web.session.SessionManagementFilter@774b798, org.springframework.security.web.access.ExceptionTranslationFilter@3872c85f, org.springframework.security.web.access.intercept.FilterSecurityInterceptor@5e9db5e7]
2022-07-29 13:18:24.993  INFO 21313 --- [    Test worker] o.s.b.a.e.web.EndpointLinksResolver      : Exposing 14 endpoint(s) beneath base path '/actuator'
2022-07-29 13:18:24.998  INFO 21313 --- [    Test worker] o.s.b.w.embedded.tomcat.TomcatWebServer  : Tomcat started on port(s): 8881 (http) with context path ''
2022-07-29 13:18:25.001  INFO 21313 --- [    Test worker] recipes.RecipesApplication               : Started RecipesApplication in 0.436 seconds (JVM running for 9.849)
?[1;31m
Start test 64?[0m
2022-07-29 13:18:25.004  INFO 21313 --- [nio-8881-exec-1] o.a.c.c.C.[Tomcat].[localhost].[/]       : Initializing Spring DispatcherServlet 'dispatcherServlet'
2022-07-29 13:18:25.004  INFO 21313 --- [nio-8881-exec-1] o.s.web.servlet.DispatcherServlet        : Initializing Servlet 'dispatcherServlet'
2022-07-29 13:18:25.004  INFO 21313 --- [nio-8881-exec-1] o.s.web.servlet.DispatcherServlet        : Completed initialization in 0 ms
Hibernate: select user0_.id as id1_3_, user0_.email as email2_3_, user0_.password as password3_3_ from user user0_ where user0_.email=?
Hibernate: select user0_.id as id1_3_0_, user0_.email as email2_3_0_, user0_.password as password3_3_0_ from user user0_ where user0_.id=?
Hibernate: insert into recipe (id, category, date, description, name, user_id) values (null, ?, ?, ?, ?, ?)
Hibernate: insert into recipe_directions (recipe_id, directions_order, directions) values (?, ?, ?)
Hibernate: insert into recipe_directions (recipe_id, directions_order, directions) values (?, ?, ?)
Hibernate: insert into recipe_directions (recipe_id, directions_order, directions) values (?, ?, ?)
Hibernate: insert into recipe_directions (recipe_id, directions_order, directions) values (?, ?, ?)
Hibernate: insert into recipe_directions (recipe_id, directions_order, directions) values (?, ?, ?)
Hibernate: insert into recipe_ingredients (recipe_id, ingredients_order, ingredients) values (?, ?, ?)
Hibernate: insert into recipe_ingredients (recipe_id, ingredients_order, ingredients) values (?, ?, ?)
Hibernate: insert into recipe_ingredients (recipe_id, ingredients_order, ingredients) values (?, ?, ?)
?[1;31m
Start test 65?[0m
Hibernate: select user0_.id as id1_3_, user0_.email as email2_3_, user0_.password as password3_3_ from user user0_ where user0_.email=?
Hibernate: select recipe0_.id as id1_0_0_, recipe0_.category as category2_0_0_, recipe0_.date as date3_0_0_, recipe0_.description as descript4_0_0_, recipe0_.name as name5_0_0_, recipe0_.user_id as user_id6_0_0_, user1_.id as id1_3_1_, user1_.email as email2_3_1_, user1_.password as password3_3_1_ from recipe recipe0_ inner join user user1_ on recipe0_.user_id=user1_.id where recipe0_.id=?
Hibernate: select directions0_.recipe_id as recipe_i1_1_0_, directions0_.directions as directio2_1_0_, directions0_.directions_order as directio3_0_ from recipe_directions directions0_ where directions0_.recipe_id=?
Hibernate: select ingredient0_.recipe_id as recipe_i1_2_0_, ingredient0_.ingredients as ingredie2_2_0_, ingredient0_.ingredients_order as ingredie3_0_ from recipe_ingredients ingredient0_ where ingredient0_.recipe_id=?
?[1;31m
Start test 66?[0m
Hibernate: select user0_.id as id1_3_, user0_.email as email2_3_, user0_.password as password3_3_ from user user0_ where user0_.email=?
Hibernate: select recipe0_.id as id1_0_, recipe0_.category as category2_0_, recipe0_.date as date3_0_, recipe0_.description as descript4_0_, recipe0_.name as name5_0_, recipe0_.user_id as user_id6_0_ from recipe recipe0_ where upper(recipe0_.category)=upper(?) order by recipe0_.date desc
Hibernate: select directions0_.recipe_id as recipe_i1_1_0_, directions0_.directions as directio2_1_0_, directions0_.directions_order as directio3_0_ from recipe_directions directions0_ where directions0_.recipe_id=?
Hibernate: select ingredient0_.recipe_id as recipe_i1_2_0_, ingredient0_.ingredients as ingredie2_2_0_, ingredient0_.ingredients_order as ingredie3_0_ from recipe_ingredients ingredient0_ where ingredient0_.recipe_id=?
Hibernate: select user0_.id as id1_3_0_, user0_.email as email2_3_0_, user0_.password as password3_3_0_ from user user0_ where user0_.id=?
Hibernate: select directions0_.recipe_id as recipe_i1_1_0_, directions0_.directions as directio2_1_0_, directions0_.directions_order as directio3_0_ from recipe_directions directions0_ where directions0_.recipe_id=?
Hibernate: select ingredient0_.recipe_id as recipe_i1_2_0_, ingredient0_.ingredients as ingredie2_2_0_, ingredient0_.ingredients_order as ingredie3_0_ from recipe_ingredients ingredient0_ where ingredient0_.recipe_id=?
Hibernate: select directions0_.recipe_id as recipe_i1_1_0_, directions0_.directions as directio2_1_0_, directions0_.directions_order as directio3_0_ from recipe_directions directions0_ where directions0_.recipe_id=?
Hibernate: select ingredient0_.recipe_id as recipe_i1_2_0_, ingredient0_.ingredients as ingredie2_2_0_, ingredient0_.ingredients_order as ingredie3_0_ from recipe_ingredients ingredient0_ where ingredient0_.recipe_id=?
Hibernate: select directions0_.recipe_id as recipe_i1_1_0_, directions0_.directions as directio2_1_0_, directions0_.directions_order as directio3_0_ from recipe_directions directions0_ where directions0_.recipe_id=?
Hibernate: select ingredient0_.recipe_id as recipe_i1_2_0_, ingredient0_.ingredients as ingredie2_2_0_, ingredient0_.ingredients_order as ingredie3_0_ from recipe_ingredients ingredient0_ where ingredient0_.recipe_id=?
Hibernate: select directions0_.recipe_id as recipe_i1_1_0_, directions0_.directions as directio2_1_0_, directions0_.directions_order as directio3_0_ from recipe_directions directions0_ where directions0_.recipe_id=?
Hibernate: select ingredient0_.recipe_id as recipe_i1_2_0_, ingredient0_.ingredients as ingredie2_2_0_, ingredient0_.ingredients_order as ingredie3_0_ from recipe_ingredients ingredient0_ where ingredient0_.recipe_id=?
Hibernate: select directions0_.recipe_id as recipe_i1_1_0_, directions0_.directions as directio2_1_0_, directions0_.directions_order as directio3_0_ from recipe_directions directions0_ where directions0_.recipe_id=?
Hibernate: select ingredient0_.recipe_id as recipe_i1_2_0_, ingredient0_.ingredients as ingredie2_2_0_, ingredient0_.ingredients_order as ingredie3_0_ from recipe_ingredients ingredient0_ where ingredient0_.recipe_id=?
Hibernate: select directions0_.recipe_id as recipe_i1_1_0_, directions0_.directions as directio2_1_0_, directions0_.directions_order as directio3_0_ from recipe_directions directions0_ where directions0_.recipe_id=?
Hibernate: select ingredient0_.recipe_id as recipe_i1_2_0_, ingredient0_.ingredients as ingredie2_2_0_, ingredient0_.ingredients_order as ingredie3_0_ from recipe_ingredients ingredient0_ where ingredient0_.recipe_id=?
?[1;31m
[...]
	at java.base/java.security.AccessController.doPrivileged(AccessController.java:712) ~[na:na]
	at java.base/javax.security.auth.Subject.doAsPrivileged(Subject.java:584) ~[na:na]
	at org.apache.catalina.security.SecurityUtil.execute(SecurityUtil.java:311) ~[tomcat-embed-core-9.0.54.jar:9.0.54]
	at org.apache.catalina.security.SecurityUtil.doAsPrivilege(SecurityUtil.java:253) ~[tomcat-embed-core-9.0.54.jar:9.0.54]
	at org.apache.catalina.core.ApplicationFilterChain.internalDoFilter(ApplicationFilterChain.java:187) ~[tomcat-embed-core-9.0.54.jar:9.0.54]
	at org.apache.catalina.core.ApplicationFilterChain.lambda$doFilter$0(ApplicationFilterChain.java:145) ~[tomcat-embed-core-9.0.54.jar:9.0.54]
	at java.base/java.security.AccessController.doPrivileged(AccessController.java:569) ~[na:na]
	at org.apache.catalina.core.ApplicationFilterChain.doFilter(ApplicationFilterChain.java:143) ~[tomcat-embed-core-9.0.54.jar:9.0.54]
	at org.springframework.boot.actuate.metrics.web.servlet.WebMvcMetricsFilter.doFilterInternal(WebMvcMetricsFilter.java:96) ~[spring-boot-actuator-2.5.6.jar:2.5.6]
	at org.springframework.web.filter.OncePerRequestFilter.doFilter(OncePerRequestFilter.java:119) ~[spring-web-5.3.12.jar:5.3.12]
	at jdk.internal.reflect.GeneratedMethodAccessor56.invoke(Unknown Source) ~[na:na]
	at java.base/jdk.internal.reflect.DelegatingMethodAccessorImpl.invoke(DelegatingMethodAccessorImpl.java:43) ~[na:na]
	at java.base/java.lang.reflect.Method.invoke(Method.java:568) ~[na:na]
	at org.apache.catalina.security.SecurityUtil.lambda$execute$0(SecurityUtil.java:280) ~[tomcat-embed-core-9.0.54.jar:9.0.54]
	at java.base/java.security.AccessController.doPrivileged(AccessController.java:712) ~[na:na]
	at java.base/javax.security.auth.Subject.doAsPrivileged(Subject.java:584) ~[na:na]
	at org.apache.catalina.security.SecurityUtil.execute(SecurityUtil.java:311) ~[tomcat-embed-core-9.0.54.jar:9.0.54]
	at org.apache.catalina.security.SecurityUtil.doAsPrivilege(SecurityUtil.java:253) ~[tomcat-embed-core-9.0.54.jar:9.0.54]
	at org.apache.catalina.core.ApplicationFilterChain.internalDoFilter(ApplicationFilterChain.java:187) ~[tomcat-embed-core-9.0.54.jar:9.0.54]
	at org.apache.catalina.core.ApplicationFilterChain.lambda$doFilter$0(ApplicationFilterChain.java:145) ~[tomcat-embed-core-9.0.54.jar:9.0.54]
	at java.base/java.security.AccessController.doPrivileged(AccessController.java:569) ~[na:na]
	at org.apache.catalina.core.ApplicationFilterChain.doFilter(ApplicationFilterChain.java:143) ~[tomcat-embed-core-9.0.54.jar:9.0.54]
	at org.springframework.web.filter.CharacterEncodingFilter.doFilterInternal(CharacterEncodingFilter.java:201) ~[spring-web-5.3.12.jar:5.3.12]
	at org.springframework.web.filter.OncePerRequestFilter.doFilter(OncePerRequestFilter.java:119) ~[spring-web-5.3.12.jar:5.3.12]
	at jdk.internal.reflect.GeneratedMethodAccessor56.invoke(Unknown Source) ~[na:na]
	at java.base/jdk.internal.reflect.DelegatingMethodAccessorImpl.invoke(DelegatingMethodAccessorImpl.java:43) ~[na:na]
	at java.base/java.lang.reflect.Method.invoke(Method.java:568) ~[na:na]
	at org.apache.catalina.security.SecurityUtil.lambda$execute$0(SecurityUtil.java:280) ~[tomcat-embed-core-9.0.54.jar:9.0.54]
	at java.base/java.security.AccessController.doPrivileged(AccessController.java:712) ~[na:na]
	at java.base/javax.security.auth.Subject.doAsPrivileged(Subject.java:584) ~[na:na]
	at org.apache.catalina.security.SecurityUtil.execute(SecurityUtil.java:311) ~[tomcat-embed-core-9.0.54.jar:9.0.54]
	at org.apache.catalina.security.SecurityUtil.doAsPrivilege(SecurityUtil.java:253) ~[tomcat-embed-core-9.0.54.jar:9.0.54]
	at org.apache.catalina.core.ApplicationFilterChain.internalDoFilter(ApplicationFilterChain.java:187) ~[tomcat-embed-core-9.0.54.jar:9.0.54]
	at org.apache.catalina.core.ApplicationFilterChain.lambda$doFilter$0(ApplicationFilterChain.java:145) ~[tomcat-embed-core-9.0.54.jar:9.0.54]
	at java.base/java.security.AccessController.doPrivileged(AccessController.java:569) ~[na:na]
	at org.apache.catalina.core.ApplicationFilterChain.doFilter(ApplicationFilterChain.java:143) ~[tomcat-embed-core-9.0.54.jar:9.0.54]
	at org.apache.catalina.core.StandardWrapperValve.invoke(StandardWrapperValve.java:197) ~[tomcat-embed-core-9.0.54.jar:9.0.54]
	at org.apache.catalina.core.StandardContextValve.invoke(StandardContextValve.java:97) ~[tomcat-embed-core-9.0.54.jar:9.0.54]
	at org.apache.catalina.authenticator.AuthenticatorBase.invoke(AuthenticatorBase.java:540) ~[tomcat-embed-core-9.0.54.jar:9.0.54]
	at org.apache.catalina.core.StandardHostValve.invoke(StandardHostValve.java:135) ~[tomcat-embed-core-9.0.54.jar:9.0.54]
	at org.apache.catalina.valves.ErrorReportValve.invoke(ErrorReportValve.java:92) ~[tomcat-embed-core-9.0.54.jar:9.0.54]
	at org.apache.catalina.core.StandardEngineValve.invoke(StandardEngineValve.java:78) ~[tomcat-embed-core-9.0.54.jar:9.0.54]
	at org.apache.catalina.connector.CoyoteAdapter.service(CoyoteAdapter.java:357) ~[tomcat-embed-core-9.0.54.jar:9.0.54]
	at org.apache.coyote.http11.Http11Processor.service(Http11Processor.java:382) ~[tomcat-embed-core-9.0.54.jar:9.0.54]
	at org.apache.coyote.AbstractProcessorLight.process(AbstractProcessorLight.java:65) ~[tomcat-embed-core-9.0.54.jar:9.0.54]
	at org.apache.coyote.AbstractProtocol$ConnectionHandler.process(AbstractProtocol.java:895) ~[tomcat-embed-core-9.0.54.jar:9.0.54]
	at org.apache.tomcat.util.net.NioEndpoint$SocketProcessor.doRun(NioEndpoint.java:1722) ~[tomcat-embed-core-9.0.54.jar:9.0.54]
	at org.apache.tomcat.util.net.SocketProcessorBase.run(SocketProcessorBase.java:49) ~[tomcat-embed-core-9.0.54.jar:9.0.54]
	at org.apache.tomcat.util.threads.ThreadPoolExecutor.runWorker(ThreadPoolExecutor.java:1191) ~[tomcat-embed-core-9.0.54.jar:9.0.54]
	at org.apache.tomcat.util.threads.ThreadPoolExecutor$Worker.run(ThreadPoolExecutor.java:659) ~[tomcat-embed-core-9.0.54.jar:9.0.54]
	at org.apache.tomcat.util.threads.TaskThread$WrappingRunnable.run(TaskThread.java:61) ~[tomcat-embed-core-9.0.54.jar:9.0.54]
	at java.base/java.lang.Thread.run(Thread.java:833) ~[na:na]

?[1;31m
Start test 75?[0m
Hibernate: select user0_.id as id1_3_, user0_.email as email2_3_, user0_.password as password3_3_ from user user0_ where user0_.email=?
2022-07-29 13:18:25.561 ERROR 21313 --- [nio-8881-exec-8] o.a.c.c.C.[.[.[/].[dispatcherServlet]    : Servlet.service() for servlet [dispatcherServlet] in context with path [] threw exception

org.springframework.web.server.ResponseStatusException: 404 NOT_FOUND
	at recipes.config.CustomAuthenticationProvider.lambda$authenticate$0(CustomAuthenticationProvider.java:33) ~[main/:na]
	at java.base/java.util.Optional.orElseThrow(Optional.java:403) ~[na:na]
	at recipes.config.CustomAuthenticationProvider.authenticate(CustomAuthenticationProvider.java:32) ~[main/:na]
	at org.springframework.security.authentication.ProviderManager.authenticate(ProviderManager.java:182) ~[spring-security-core-5.5.3.jar:5.5.3]
	at org.springframework.security.authentication.ProviderManager.authenticate(ProviderManager.java:201) ~[spring-security-core-5.5.3.jar:5.5.3]
	at org.springframework.security.web.authentication.www.BasicAuthenticationFilter.doFilterInternal(BasicAuthenticationFilter.java:155) ~[spring-security-web-5.5.3.jar:5.5.3]
	at org.springframework.web.filter.OncePerRequestFilter.doFilter(OncePerRequestFilter.java:119) ~[spring-web-5.3.12.jar:5.3.12]
	at org.springframework.security.web.FilterChainProxy$VirtualFilterChain.doFilter(FilterChainProxy.java:336) ~[spring-security-web-5.5.3.jar:5.5.3]
	at org.springframework.security.web.authentication.logout.LogoutFilter.doFilter(LogoutFilter.java:103) ~[spring-security-web-5.5.3.jar:5.5.3]
	at org.springframework.security.web.authentication.logout.LogoutFilter.doFilter(LogoutFilter.java:89) ~[spring-security-web-5.5.3.jar:5.5.3]
	at org.springframework.security.web.FilterChainProxy$VirtualFilterChain.doFilter(FilterChainProxy.java:336) ~[spring-security-web-5.5.3.jar:5.5.3]
	at org.springframework.security.web.header.HeaderWriterFilter.doHeadersAfter(HeaderWriterFilter.java:90) ~[spring-security-web-5.5.3.jar:5.5.3]
	at org.springframework.security.web.header.HeaderWriterFilter.doFilterInternal(HeaderWriterFilter.java:75) ~[spring-security-web-5.5.3.jar:5.5.3]
	at org.springframework.web.filter.OncePerRequestFilter.doFilter(OncePerRequestFilter.java:119) ~[spring-web-5.3.12.jar:5.3.12]
	at org.springframework.security.web.FilterChainProxy$VirtualFilterChain.doFilter(FilterChainProxy.java:336) ~[spring-security-web-5.5.3.jar:5.5.3]
	at org.springframework.security.web.context.SecurityContextPersistenceFilter.doFilter(SecurityContextPersistenceFilter.java:110) ~[spring-security-web-5.5.3.jar:5.5.3]
	at org.springframework.security.web.context.SecurityContextPersistenceFilter.doFilter(SecurityContextPersistenceFilter.java:80) ~[spring-security-web-5.5.3.jar:5.5.3]
	at org.springframework.security.web.FilterChainProxy$VirtualFilterChain.doFilter(FilterChainProxy.java:336) ~[spring-security-web-5.5.3.jar:5.5.3]
	at org.springframework.security.web.context.request.async.WebAsyncManagerIntegrationFilter.doFilterInternal(WebAsyncManagerIntegrationFilter.java:55) ~[spring-security-web-5.5.3.jar:5.5.3]
	at org.springframework.web.filter.OncePerRequestFilter.doFilter(OncePerRequestFilter.java:119) ~[spring-web-5.3.12.jar:5.3.12]
	at org.springframework.security.web.FilterChainProxy$VirtualFilterChain.doFilter(FilterChainProxy.java:336) ~[spring-security-web-5.5.3.jar:5.5.3]
	at org.springframework.security.web.FilterChainProxy.doFilterInternal(FilterChainProxy.java:211) ~[spring-security-web-5.5.3.jar:5.5.3]
	at org.springframework.security.web.FilterChainProxy.doFilter(FilterChainProxy.java:183) ~[spring-security-web-5.5.3.jar:5.5.3]
	at org.springframework.web.filter.DelegatingFilterProxy.invokeDelegate(DelegatingFilterProxy.java:358) ~[spring-web-5.3.12.jar:5.3.12]
	at org.springframework.web.filter.DelegatingFilterProxy.doFilter(DelegatingFilterProxy.java:271) ~[spring-web-5.3.12.jar:5.3.12]
	at jdk.internal.reflect.GeneratedMethodAccessor56.invoke(Unknown Source) ~[na:na]
	at java.base/jdk.internal.reflect.DelegatingMethodAccessorImpl.invoke(DelegatingMethodAccessorImpl.java:43) ~[na:na]
	at java.base/java.lang.reflect.Method.invoke(Method.java:568) ~[na:na]
	at org.apache.catalina.security.SecurityUtil.lambda$execute$0(SecurityUtil.java:280) ~[tomcat-embed-core-9.0.54.jar:9.0.54]
	at java.base/java.security.AccessController.doPrivileged(AccessController.java:712) ~[na:na]
	at java.base/javax.security.auth.Subject.doAsPrivileged(Subject.java:584) ~[na:na]
	at org.apache.catalina.security.SecurityUtil.execute(SecurityUtil.java:311) ~[tomcat-embed-core-9.0.54.jar:9.0.54]
	at org.apache.catalina.security.SecurityUtil.doAsPrivilege(SecurityUtil.java:253) ~[tomcat-embed-core-9.0.54.jar:9.0.54]
	at org.apache.catalina.core.ApplicationFilterChain.internalDoFilter(ApplicationFilterChain.java:187) ~[tomcat-embed-core-9.0.54.jar:9.0.54]
	at org.apache.catalina.core.ApplicationFilterChain.lambda$doFilter$0(ApplicationFilterChain.java:145) ~[tomcat-embed-core-9.0.54.jar:9.0.54]
	at java.base/java.security.AccessController.doPrivileged(AccessController.java:569) ~[na:na]
	at org.apache.catalina.core.ApplicationFilterChain.doFilter(ApplicationFilterChain.java:143) ~[tomcat-embed-core-9.0.54.jar:9.0.54]
	at org.springframework.web.filter.RequestContextFilter.doFilterInternal(RequestContextFilter.java:100) ~[spring-web-5.3.12.jar:5.3.12]
	at org.springframework.web.filter.OncePerRequestFilter.doFilter(OncePerRequestFilter.java:119) ~[spring-web-5.3.12.jar:5.3.12]
	at jdk.internal.reflect.GeneratedMethodAccessor56.invoke(Unknown Source) ~[na:na]
	at java.base/jdk.internal.reflect.DelegatingMethodAccessorImpl.invoke(DelegatingMethodAccessorImpl.java:43) ~[na:na]
	at java.base/java.lang.reflect.Method.invoke(Method.java:568) ~[na:na]
	at org.apache.catalina.security.SecurityUtil.lambda$execute$0(SecurityUtil.java:280) ~[tomcat-embed-core-9.0.54.jar:9.0.54]
	at java.base/java.security.AccessController.doPrivileged(AccessController.java:712) ~[na:na]
	at java.base/javax.security.auth.Subject.doAsPrivileged(Subject.java:584) ~[na:na]
	at org.apache.catalina.security.SecurityUtil.execute(SecurityUtil.java:311) ~[tomcat-embed-core-9.0.54.jar:9.0.54]
	at org.apache.catalina.security.SecurityUtil.doAsPrivilege(SecurityUtil.java:253) ~[tomcat-embed-core-9.0.54.jar:9.0.54]
	at org.apache.catalina.core.ApplicationFilterChain.internalDoFilter(ApplicationFilterChain.java:187) ~[tomcat-embed-core-9.0.54.jar:9.0.54]
	at org.apache.catalina.core.ApplicationFilterChain.lambda$doFilter$0(ApplicationFilterChain.java:145) ~[tomcat-embed-core-9.0.54.jar:9.0.54]
	at java.base/java.security.AccessController.doPrivileged(AccessController.java:569) ~[na:na]
	at org.apache.catalina.core.ApplicationFilterChain.doFilter(ApplicationFilterChain.java:143) ~[tomcat-embed-core-9.0.54.jar:9.0.54]
	at org.springframework.web.filter.FormContentFilter.doFilterInternal(FormContentFilter.java:93) ~[spring-web-5.3.12.jar:5.3.12]
	at org.springframework.web.filter.OncePerRequestFilter.doFilter(OncePerRequestFilter.java:119) ~[spring-web-5.3.12.jar:5.3.12]
	at jdk.internal.reflect.GeneratedMethodAccessor56.invoke(Unknown Source) ~[na:na]
	at java.base/jdk.internal.reflect.DelegatingMethodAccessorImpl.invoke(DelegatingMethodAccessorImpl.java:43) ~[na:na]
	at java.base/java.lang.reflect.Method.invoke(Method.java:568) ~[na:na]
	at org.apache.catalina.security.SecurityUtil.lambda$execute$0(SecurityUtil.java:280) ~[tomcat-embed-core-9.0.54.jar:9.0.54]
	at java.base/java.security.AccessController.doPrivileged(AccessController.java:712) ~[na:na]
	at java.base/javax.security.auth.Subject.doAsPrivileged(Subject.java:584) ~[na:na]
	at org.apache.catalina.security.SecurityUtil.execute(SecurityUtil.java:311) ~[tomcat-embed-core-9.0.54.jar:9.0.54]
	at org.apache.catalina.security.SecurityUtil.doAsPrivilege(SecurityUtil.java:253) ~[tomcat-embed-core-9.0.54.jar:9.0.54]
	at org.apache.catalina.core.ApplicationFilterChain.internalDoFilter(ApplicationFilterChain.java:187) ~[tomcat-embed-core-9.0.54.jar:9.0.54]
	at org.apache.catalina.core.ApplicationFilterChain.lambda$doFilter$0(ApplicationFilterChain.java:145) ~[tomcat-embed-core-9.0.54.jar:9.0.54]
	at java.base/java.security.AccessController.doPrivileged(AccessController.java:569) ~[na:na]
	at org.apache.catalina.core.ApplicationFilterChain.doFilter(ApplicationFilterChain.java:143) ~[tomcat-embed-core-9.0.54.jar:9.0.54]
	at org.springframework.boot.actuate.metrics.web.servlet.WebMvcMetricsFilter.doFilterInternal(WebMvcMetricsFilter.java:96) ~[spring-boot-actuator-2.5.6.jar:2.5.6]
	at org.springframework.web.filter.OncePerRequestFilter.doFilter(OncePerRequestFilter.java:119) ~[spring-web-5.3.12.jar:5.3.12]
	at jdk.internal.reflect.GeneratedMethodAccessor56.invoke(Unknown Source) ~[na:na]
	at java.base/jdk.internal.reflect.DelegatingMethodAccessorImpl.invoke(DelegatingMethodAccessorImpl.java:43) ~[na:na]
	at java.base/java.lang.reflect.Method.invoke(Method.java:568) ~[na:na]
	at org.apache.catalina.security.SecurityUtil.lambda$execute$0(SecurityUtil.java:280) ~[tomcat-embed-core-9.0.54.jar:9.0.54]
	at java.base/java.security.AccessController.doPrivileged(AccessController.java:712) ~[na:na]
	at java.base/javax.security.auth.Subject.doAsPrivileged(Subject.java:584) ~[na:na]
	at org.apache.catalina.security.SecurityUtil.execute(SecurityUtil.java:311) ~[tomcat-embed-core-9.0.54.jar:9.0.54]
	at org.apache.catalina.security.SecurityUtil.doAsPrivilege(SecurityUtil.java:253) ~[tomcat-embed-core-9.0.54.jar:9.0.54]
	at org.apache.catalina.core.ApplicationFilterChain.internalDoFilter(ApplicationFilterChain.java:187) ~[tomcat-embed-core-9.0.54.jar:9.0.54]
	at org.apache.catalina.core.ApplicationFilterChain.lambda$doFilter$0(ApplicationFilterChain.java:145) ~[tomcat-embed-core-9.0.54.jar:9.0.54]
	at java.base/java.security.AccessController.doPrivileged(AccessController.java:569) ~[na:na]
	at org.apache.catalina.core.ApplicationFilterChain.doFilter(ApplicationFilterChain.java:143) ~[tomcat-embed-core-9.0.54.jar:9.0.54]
	at org.springframework.web.filter.CharacterEncodingFilter.doFilterInternal(CharacterEncodingFilter.java:201) ~[spring-web-5.3.12.jar:5.3.12]
	at org.springframework.web.filter.OncePerRequestFilter.doFilter(OncePerRequestFilter.java:119) ~[spring-web-5.3.12.jar:5.3.12]
	at jdk.internal.reflect.GeneratedMethodAccessor56.invoke(Unknown Source) ~[na:na]
	at java.base/jdk.internal.reflect.DelegatingMethodAccessorImpl.invoke(DelegatingMethodAccessorImpl.java:43) ~[na:na]
	at java.base/java.lang.reflect.Method.invoke(Method.java:568) ~[na:na]
	at org.apache.catalina.security.SecurityUtil.lambda$execute$0(SecurityUtil.java:280) ~[tomcat-embed-core-9.0.54.jar:9.0.54]
	at java.base/java.security.AccessController.doPrivileged(AccessController.java:712) ~[na:na]
	at java.base/javax.security.auth.Subject.doAsPrivileged(Subject.java:584) ~[na:na]
	at org.apache.catalina.security.SecurityUtil.execute(SecurityUtil.java:311) ~[tomcat-embed-core-9.0.54.jar:9.0.54]
	at org.apache.catalina.security.SecurityUtil.doAsPrivilege(SecurityUtil.java:253) ~[tomcat-embed-core-9.0.54.jar:9.0.54]
	at org.apache.catalina.core.ApplicationFilterChain.internalDoFilter(ApplicationFilterChain.java:187) ~[tomcat-embed-core-9.0.54.jar:9.0.54]
	at org.apache.catalina.core.ApplicationFilterChain.lambda$doFilter$0(ApplicationFilterChain.java:145) ~[tomcat-embed-core-9.0.54.jar:9.0.54]
	at java.base/java.security.AccessController.doPrivileged(AccessController.java:569) ~[na:na]
	at org.apache.catalina.core.ApplicationFilterChain.doFilter(ApplicationFilterChain.java:143) ~[tomcat-embed-core-9.0.54.jar:9.0.54]
	at org.apache.catalina.core.StandardWrapperValve.invoke(StandardWrapperValve.java:197) ~[tomcat-embed-core-9.0.54.jar:9.0.54]
	at org.apache.catalina.core.StandardContextValve.invoke(StandardContextValve.java:97) ~[tomcat-embed-core-9.0.54.jar:9.0.54]
	at org.apache.catalina.authenticator.AuthenticatorBase.invoke(AuthenticatorBase.java:540) ~[tomcat-embed-core-9.0.54.jar:9.0.54]
	at org.apache.catalina.core.StandardHostValve.invoke(StandardHostValve.java:135) ~[tomcat-embed-core-9.0.54.jar:9.0.54]
	at org.apache.catalina.valves.ErrorReportValve.invoke(ErrorReportValve.java:92) ~[tomcat-embed-core-9.0.54.jar:9.0.54]
	at org.apache.catalina.core.StandardEngineValve.invoke(StandardEngineValve.java:78) ~[tomcat-embed-core-9.0.54.jar:9.0.54]
	at org.apache.catalina.connector.CoyoteAdapter.service(CoyoteAdapter.java:357) ~[tomcat-embed-core-9.0.54.jar:9.0.54]
	at org.apache.coyote.http11.Http11Processor.service(Http11Processor.java:382) ~[tomcat-embed-core-9.0.54.jar:9.0.54]
	at org.apache.coyote.AbstractProcessorLight.process(AbstractProcessorLight.java:65) ~[tomcat-embed-core-9.0.54.jar:9.0.54]
	at org.apache.coyote.AbstractProtocol$ConnectionHandler.process(AbstractProtocol.java:895) ~[tomcat-embed-core-9.0.54.jar:9.0.54]
	at org.apache.tomcat.util.net.NioEndpoint$SocketProcessor.doRun(NioEndpoint.java:1722) ~[tomcat-embed-core-9.0.54.jar:9.0.54]
	at org.apache.tomcat.util.net.SocketProcessorBase.run(SocketProcessorBase.java:49) ~[tomcat-embed-core-9.0.54.jar:9.0.54]
	at org.apache.tomcat.util.threads.ThreadPoolExecutor.runWorker(ThreadPoolExecutor.java:1191) ~[tomcat-embed-core-9.0.54.jar:9.0.54]
	at org.apache.tomcat.util.threads.ThreadPoolExecutor$Worker.run(ThreadPoolExecutor.java:659) ~[tomcat-embed-core-9.0.54.jar:9.0.54]
	at org.apache.tomcat.util.threads.TaskThread$WrappingRunnable.run(TaskThread.java:61) ~[tomcat-embed-core-9.0.54.jar:9.0.54]
	at java.base/java.lang.Thread.run(Thread.java:833) ~[na:na]

?[1;31m
Start test 76?[0m
?[1;31m
Start test 77?[0m
?[1;31m
Start test 78?[0m
?[1;31m
Start test 79?[0m
?[1;31m
Start test 80?[0m
?[1;31m
Start test 81?[0m
]]></system-out>
  <system-err><![CDATA[]]></system-err>
</testsuite>
